<?xml version="1.0" encoding="UTF-8"?>
<!-- Generated by org.testng.reporters.JUnitXMLReporter -->
<testsuite ignored="0" hostname="marius" failures="1" tests="2" name="Surefire test" time="64.918" errors="0" timestamp="2025-11-14T00:30:28 EET">
  <testcase classname="org.example.test.FormTest" name="formTest" time="10.585"/>
  <testcase classname="org.example.test.PlaywrightFormTest" name="formTestPlaywright" time="50.977">
    <failure type="com.microsoft.playwright.TimeoutError" message="Error {
  message=&amp;apos;Timeout 30000ms exceeded.
  name=&amp;apos;TimeoutError
  stack=&amp;apos;TimeoutError: Timeout 30000ms exceeded.
    at ProgressController.run (C:\Users\marius\AppData\Local\Temp\playwright-java-14731930189794878807\package\lib\server\progress.js:78:26)
    at Frame.click (C:\Users\marius\AppData\Local\Temp\playwright-java-14731930189794878807\package\lib\server\frames.js:1007:23)
    at FrameDispatcher.click (C:\Users\marius\AppData\Local\Temp\playwright-java-14731930189794878807\package\lib\server\dispatchers\frameDispatcher.js:157:30)
    at FrameDispatcher._handleCommand (C:\Users\marius\AppData\Local\Temp\playwright-java-14731930189794878807\package\lib\server\dispatchers\dispatcher.js:94:40)
    at DispatcherConnection.dispatch (C:\Users\marius\AppData\Local\Temp\playwright-java-14731930189794878807\package\lib\server\dispatchers\dispatcher.js:361:39)
}
Call log:
- waiting for locator(&amp;quot;text=Jaipur&amp;quot;)
-   locator resolved to 2 elements. Proceeding with the first one: &amp;lt;p id=&amp;quot;aria-context&amp;quot;&amp;gt;  option Jaipur focused, 1 of 2. 2 results availa…&amp;lt;/p&amp;gt;
- attempting click action
-   waiting for element to be visible, enabled and stable
-   element is visible, enabled and stable
-   scrolling into view if needed
-   done scrolling
-   &amp;lt;div class=&amp;quot; css-1pahdxg-control&amp;quot;&amp;gt;…&amp;lt;/div&amp;gt; intercepts pointer events
- retrying click action, attempt #1
-   waiting for element to be visible, enabled and stable
-   element is visible, enabled and stable
-   scrolling into view if needed
-   done scrolling
-   &amp;lt;div&amp;gt;…&amp;lt;/div&amp;gt; from &amp;lt;div id=&amp;quot;fixedban&amp;quot;&amp;gt;…&amp;lt;/div&amp;gt; subtree intercepts pointer events
- retrying click action, attempt #2
-   waiting 20ms
-   waiting for element to be visible, enabled and stable
-   element is visible, enabled and stable
-   scrolling into view if needed
-   done scrolling
-   &amp;lt;div class=&amp;quot; css-1pahdxg-control&amp;quot;&amp;gt;…&amp;lt;/div&amp;gt; intercepts pointer events
- retrying click action, attempt #3
-   waiting 100ms
-   waiting for element to be visible, enabled and stable
-   element is visible, enabled and stable
-   scrolling into view if needed
-   done scrolling
-   &amp;lt;div class=&amp;quot; css-1hwfws3&amp;quot;&amp;gt;…&amp;lt;/div&amp;gt; from &amp;lt;div class=&amp;quot; css-1pahdxg-control&amp;quot;&amp;gt;…&amp;lt;/div&amp;gt; subtree intercepts pointer events
- retrying click action, attempt #4
-   waiting 100ms
-   waiting for element to be visible, enabled and stable
-   element is visible, enabled and stable
-   scrolling into view if needed
-   done scrolling
-   &amp;lt;div class=&amp;quot; css-1hwfws3&amp;quot;&amp;gt;…&amp;lt;/div&amp;gt; from &amp;lt;div class=&amp;quot; css-1pahdxg-control&amp;quot;&amp;gt;…&amp;lt;/div&amp;gt; subtree intercepts pointer events
- retrying click action, attempt #5
-   waiting 500ms
-   waiting for element to be visible, enabled and stable
-   element is visible, enabled and stable
-   scrolling into view if needed
-   done scrolling
-   &amp;lt;div&amp;gt;…&amp;lt;/div&amp;gt; from &amp;lt;div id=&amp;quot;fixedban&amp;quot;&amp;gt;…&amp;lt;/div&amp;gt; subtree intercepts pointer events
- retrying click action, attempt #6
-   waiting 500ms
-   waiting for element to be visible, enabled and stable
-   element is visible, enabled and stable
-   scrolling into view if needed
-   done scrolling
-   &amp;lt;div class=&amp;quot; css-1pahdxg-control&amp;quot;&amp;gt;…&amp;lt;/div&amp;gt; intercepts pointer events
- retrying click action, attempt #7
-   waiting 500ms
-   waiting for element to be visible, enabled and stable
-   element is visible, enabled and stable
-   scrolling into view if needed
-   done scrolling
-   &amp;lt;div class=&amp;quot; css-1hwfws3&amp;quot;&amp;gt;…&amp;lt;/div&amp;gt; from &amp;lt;div class=&amp;quot; css-1pahdxg-control&amp;quot;&amp;gt;…&amp;lt;/div&amp;gt; subtree intercepts pointer events
- retrying click action, attempt #8
-   waiting 500ms
-   waiting for element to be visible, enabled and stable
-   element is visible, enabled and stable
-   scrolling into view if needed
-   done scrolling
-   &amp;lt;div class=&amp;quot; css-1hwfws3&amp;quot;&amp;gt;…&amp;lt;/div&amp;gt; from &amp;lt;div class=&amp;quot; css-1pahdxg-control&amp;quot;&amp;gt;…&amp;lt;/div&amp;gt; subtree intercepts pointer events
- retrying click action, attempt #9
-   waiting 500ms
-   waiting for element to be visible, enabled and stable
-   element is visible, enabled and stable
-   scrolling into view if needed
-   done scrolling
-   &amp;lt;div&amp;gt;…&amp;lt;/div&amp;gt; from &amp;lt;div id=&amp;quot;fixedban&amp;quot;&amp;gt;…&amp;lt;/div&amp;gt; subtree intercepts pointer events
- retrying click action, attempt #10
-   waiting 500ms
-   waiting for element to be visible, enabled and stable
-   element is visible, enabled and stable
-   scrolling into view if needed
-   done scrolling
-   &amp;lt;div class=&amp;quot; css-1pahdxg-control&amp;quot;&amp;gt;…&amp;lt;/div&amp;gt; intercepts pointer events
- retrying click action, attempt #11
-   waiting 500ms
-   waiting for element to be visible, enabled and stable
-   element is visible, enabled and stable
-   scrolling into view if needed
-   done scrolling
-   &amp;lt;div class=&amp;quot; css-1hwfws3&amp;quot;&amp;gt;…&amp;lt;/div&amp;gt; from &amp;lt;div class=&amp;quot; css-1pahdxg-control&amp;quot;&amp;gt;…&amp;lt;/div&amp;gt; subtree intercepts pointer events
- retrying click action, attempt #12
-   waiting 500ms
-   waiting for element to be visible, enabled and stable
-   element is visible, enabled and stable
-   scrolling into view if needed
-   done scrolling
-   &amp;lt;div class=&amp;quot; css-1hwfws3&amp;quot;&amp;gt;…&amp;lt;/div&amp;gt; from &amp;lt;div class=&amp;quot; css-1pahdxg-control&amp;quot;&amp;gt;…&amp;lt;/div&amp;gt; subtree intercepts pointer events
- retrying click action, attempt #13
-   waiting 500ms
-   waiting for element to be visible, enabled and stable
-   element is visible, enabled and stable
-   scrolling into view if needed
-   done scrolling
-   &amp;lt;div&amp;gt;…&amp;lt;/div&amp;gt; from &amp;lt;div id=&amp;quot;fixedban&amp;quot;&amp;gt;…&amp;lt;/div&amp;gt; subtree intercepts pointer events
- retrying click action, attempt #14
-   waiting 500ms
-   waiting for element to be visible, enabled and stable
-   element is visible, enabled and stable
-   scrolling into view if needed
-   done scrolling
-   &amp;lt;div class=&amp;quot; css-1pahdxg-control&amp;quot;&amp;gt;…&amp;lt;/div&amp;gt; intercepts pointer events
- retrying click action, attempt #15
-   waiting 500ms
-   waiting for element to be visible, enabled and stable
-   element is visible, enabled and stable
-   scrolling into view if needed
-   done scrolling
-   &amp;lt;div class=&amp;quot; css-1hwfws3&amp;quot;&amp;gt;…&amp;lt;/div&amp;gt; from &amp;lt;div class=&amp;quot; css-1pahdxg-control&amp;quot;&amp;gt;…&amp;lt;/div&amp;gt; subtree intercepts pointer events
- retrying click action, attempt #16
-   waiting 500ms
-   waiting for element to be visible, enabled and stable
-   element is visible, enabled and stable
-   scrolling into view if needed
-   done scrolling
-   &amp;lt;div class=&amp;quot; css-1hwfws3&amp;quot;&amp;gt;…&amp;lt;/div&amp;gt; from &amp;lt;div class=&amp;quot; css-1pahdxg-control&amp;quot;&amp;gt;…&amp;lt;/div&amp;gt; subtree intercepts pointer events
- retrying click action, attempt #17
-   waiting 500ms
-   waiting for element to be visible, enabled and stable
-   element is visible, enabled and stable
-   scrolling into view if needed
-   done scrolling
-   &amp;lt;div&amp;gt;…&amp;lt;/div&amp;gt; from &amp;lt;div id=&amp;quot;fixedban&amp;quot;&amp;gt;…&amp;lt;/div&amp;gt; subtree intercepts pointer events
- retrying click action, attempt #18
-   waiting 500ms
-   waiting for element to be visible, enabled and stable
-   element is visible, enabled and stable
-   scrolling into view if needed
-   done scrolling
-   &amp;lt;div class=&amp;quot; css-1pahdxg-control&amp;quot;&amp;gt;…&amp;lt;/div&amp;gt; intercepts pointer events
- retrying click action, attempt #19
-   waiting 500ms
-   waiting for element to be visible, enabled and stable
-   element is visible, enabled and stable
-   scrolling into view if needed
-   done scrolling
-   &amp;lt;div class=&amp;quot; css-1hwfws3&amp;quot;&amp;gt;…&amp;lt;/div&amp;gt; from &amp;lt;div class=&amp;quot; css-1pahdxg-control&amp;quot;&amp;gt;…&amp;lt;/div&amp;gt; subtree intercepts pointer events
- retrying click action, attempt #20
-   waiting 500ms
-   waiting for element to be visible, enabled and stable
-   element is visible, enabled and stable
-   scrolling into view if needed
-   done scrolling
-   &amp;lt;div class=&amp;quot; css-1hwfws3&amp;quot;&amp;gt;…&amp;lt;/div&amp;gt; from &amp;lt;div class=&amp;quot; css-1pahdxg-control&amp;quot;&amp;gt;…&amp;lt;/div&amp;gt; subtree intercepts pointer events
- retrying click action, attempt #21
-   waiting 500ms
-   waiting for element to be visible, enabled and stable
-   element is visible, enabled and stable
-   scrolling into view if needed
-   done scrolling
-   &amp;lt;div&amp;gt;…&amp;lt;/div&amp;gt; from &amp;lt;div id=&amp;quot;fixedban&amp;quot;&amp;gt;…&amp;lt;/div&amp;gt; subtree intercepts pointer events
- retrying click action, attempt #22
-   waiting 500ms
-   waiting for element to be visible, enabled and stable
-   element is visible, enabled and stable
-   scrolling into view if needed
-   done scrolling
-   &amp;lt;div class=&amp;quot; css-1pahdxg-control&amp;quot;&amp;gt;…&amp;lt;/div&amp;gt; intercepts pointer events
- retrying click action, attempt #23
-   waiting 500ms
-   waiting for element to be visible, enabled and stable
-   element is visible, enabled and stable
-   scrolling into view if needed
-   done scrolling
-   &amp;lt;div class=&amp;quot; css-1hwfws3&amp;quot;&amp;gt;…&amp;lt;/div&amp;gt; from &amp;lt;div class=&amp;quot; css-1pahdxg-control&amp;quot;&amp;gt;…&amp;lt;/div&amp;gt; subtree intercepts pointer events
- retrying click action, attempt #24
-   waiting 500ms
-   waiting for element to be visible, enabled and stable
-   element is visible, enabled and stable
-   scrolling into view if needed
-   done scrolling
-   &amp;lt;div class=&amp;quot; css-1hwfws3&amp;quot;&amp;gt;…&amp;lt;/div&amp;gt; from &amp;lt;div class=&amp;quot; css-1pahdxg-control&amp;quot;&amp;gt;…&amp;lt;/div&amp;gt; subtree intercepts pointer events
- retrying click action, attempt #25
-   waiting 500ms
-   waiting for element to be visible, enabled and stable
-   element is visible, enabled and stable
-   scrolling into view if needed
-   done scrolling
-   &amp;lt;div&amp;gt;…&amp;lt;/div&amp;gt; from &amp;lt;div id=&amp;quot;fixedban&amp;quot;&amp;gt;…&amp;lt;/div&amp;gt; subtree intercepts pointer events
- retrying click action, attempt #26
-   waiting 500ms
-   waiting for element to be visible, enabled and stable
-   element is visible, enabled and stable
-   scrolling into view if needed
-   done scrolling
-   &amp;lt;div class=&amp;quot; css-1pahdxg-control&amp;quot;&amp;gt;…&amp;lt;/div&amp;gt; intercepts pointer events
- retrying click action, attempt #27
-   waiting 500ms
-   waiting for element to be visible, enabled and stable
-   element is visible, enabled and stable
-   scrolling into view if needed
-   done scrolling
-   &amp;lt;div class=&amp;quot; css-1hwfws3&amp;quot;&amp;gt;…&amp;lt;/div&amp;gt; from &amp;lt;div class=&amp;quot; css-1pahdxg-control&amp;quot;&amp;gt;…&amp;lt;/div&amp;gt; subtree intercepts pointer events
- retrying click action, attempt #28
-   waiting 500ms
-   waiting for element to be visible, enabled and stable
-   element is visible, enabled and stable
-   scrolling into view if needed
-   done scrolling
-   &amp;lt;div class=&amp;quot; css-1hwfws3&amp;quot;&amp;gt;…&amp;lt;/div&amp;gt; from &amp;lt;div class=&amp;quot; css-1pahdxg-control&amp;quot;&amp;gt;…&amp;lt;/div&amp;gt; subtree intercepts pointer events
- retrying click action, attempt #29
-   waiting 500ms
-   waiting for element to be visible, enabled and stable
-   element is visible, enabled and stable
-   scrolling into view if needed
-   done scrolling
-   &amp;lt;div&amp;gt;…&amp;lt;/div&amp;gt; from &amp;lt;div id=&amp;quot;fixedban&amp;quot;&amp;gt;…&amp;lt;/div&amp;gt; subtree intercepts pointer events
- retrying click action, attempt #30
-   waiting 500ms
-   waiting for element to be visible, enabled and stable
-   element is visible, enabled and stable
-   scrolling into view if needed
-   done scrolling
-   &amp;lt;div class=&amp;quot; css-1pahdxg-control&amp;quot;&amp;gt;…&amp;lt;/div&amp;gt; intercepts pointer events
- retrying click action, attempt #31
-   waiting 500ms
-   waiting for element to be visible, enabled and stable
-   element is visible, enabled and stable
-   scrolling into view if needed
-   done scrolling
-   &amp;lt;div class=&amp;quot; css-1hwfws3&amp;quot;&amp;gt;…&amp;lt;/div&amp;gt; from &amp;lt;div class=&amp;quot; css-1pahdxg-control&amp;quot;&amp;gt;…&amp;lt;/div&amp;gt; subtree intercepts pointer events
- retrying click action, attempt #32
-   waiting 500ms
-   waiting for element to be visible, enabled and stable
-   element is visible, enabled and stable
-   scrolling into view if needed
-   done scrolling
-   &amp;lt;div class=&amp;quot; css-1hwfws3&amp;quot;&amp;gt;…&amp;lt;/div&amp;gt; from &amp;lt;div class=&amp;quot; css-1pahdxg-control&amp;quot;&amp;gt;…&amp;lt;/div&amp;gt; subtree intercepts pointer events
- retrying click action, attempt #33
-   waiting 500ms
-   waiting for element to be visible, enabled and stable
-   element is visible, enabled and stable
-   scrolling into view if needed
-   done scrolling
-   &amp;lt;div&amp;gt;…&amp;lt;/div&amp;gt; from &amp;lt;div id=&amp;quot;fixedban&amp;quot;&amp;gt;…&amp;lt;/div&amp;gt; subtree intercepts pointer events
- retrying click action, attempt #34
-   waiting 500ms
-   waiting for element to be visible, enabled and stable
-   element is visible, enabled and stable
-   scrolling into view if needed
-   done scrolling
-   &amp;lt;div class=&amp;quot; css-1pahdxg-control&amp;quot;&amp;gt;…&amp;lt;/div&amp;gt; intercepts pointer events
- retrying click action, attempt #35
-   waiting 500ms
-   waiting for element to be visible, enabled and stable
-   element is visible, enabled and stable
-   scrolling into view if needed
-   done scrolling
-   &amp;lt;div class=&amp;quot; css-1hwfws3&amp;quot;&amp;gt;…&amp;lt;/div&amp;gt; from &amp;lt;div class=&amp;quot; css-1pahdxg-control&amp;quot;&amp;gt;…&amp;lt;/div&amp;gt; subtree intercepts pointer events
- retrying click action, attempt #36
-   waiting 500ms
-   waiting for element to be visible, enabled and stable
-   element is visible, enabled and stable
-   scrolling into view if needed
-   done scrolling
-   &amp;lt;div class=&amp;quot; css-1hwfws3&amp;quot;&amp;gt;…&amp;lt;/div&amp;gt; from &amp;lt;div class=&amp;quot; css-1pahdxg-control&amp;quot;&amp;gt;…&amp;lt;/div&amp;gt; subtree intercepts pointer events
- retrying click action, attempt #37
-   waiting 500ms
-   waiting for element to be visible, enabled and stable
-   element is visible, enabled and stable
-   scrolling into view if needed
-   done scrolling
-   &amp;lt;div&amp;gt;…&amp;lt;/div&amp;gt; from &amp;lt;div id=&amp;quot;fixedban&amp;quot;&amp;gt;…&amp;lt;/div&amp;gt; subtree intercepts pointer events
- retrying click action, attempt #38
-   waiting 500ms
-   waiting for element to be visible, enabled and stable
-   element is visible, enabled and stable
-   scrolling into view if needed
-   done scrolling
-   &amp;lt;div class=&amp;quot; css-1pahdxg-control&amp;quot;&amp;gt;…&amp;lt;/div&amp;gt; intercepts pointer events
- retrying click action, attempt #39
-   waiting 500ms
-   waiting for element to be visible, enabled and stable
-   element is visible, enabled and stable
-   scrolling into view if needed
-   done scrolling
-   &amp;lt;div class=&amp;quot; css-1hwfws3&amp;quot;&amp;gt;…&amp;lt;/div&amp;gt; from &amp;lt;div class=&amp;quot; css-1pahdxg-control&amp;quot;&amp;gt;…&amp;lt;/div&amp;gt; subtree intercepts pointer events
- retrying click action, attempt #40
-   waiting 500ms
-   waiting for element to be visible, enabled and stable
-   element is visible, enabled and stable
-   scrolling into view if needed
-   done scrolling
-   &amp;lt;div class=&amp;quot; css-1hwfws3&amp;quot;&amp;gt;…&amp;lt;/div&amp;gt; from &amp;lt;div class=&amp;quot; css-1pahdxg-control&amp;quot;&amp;gt;…&amp;lt;/div&amp;gt; subtree intercepts pointer events
- retrying click action, attempt #41
-   waiting 500ms
-   waiting for element to be visible, enabled and stable
-   element is visible, enabled and stable
-   scrolling into view if needed
-   done scrolling
-   &amp;lt;div&amp;gt;…&amp;lt;/div&amp;gt; from &amp;lt;div id=&amp;quot;fixedban&amp;quot;&amp;gt;…&amp;lt;/div&amp;gt; subtree intercepts pointer events
- retrying click action, attempt #42
-   waiting 500ms
-   waiting for element to be visible, enabled and stable
-   element is visible, enabled and stable
-   scrolling into view if needed
-   done scrolling
-   &amp;lt;div class=&amp;quot; css-1pahdxg-control&amp;quot;&amp;gt;…&amp;lt;/div&amp;gt; intercepts pointer events
- retrying click action, attempt #43
-   waiting 500ms
-   waiting for element to be visible, enabled and stable
-   element is visible, enabled and stable
-   scrolling into view if needed
-   done scrolling
-   &amp;lt;div class=&amp;quot; css-1hwfws3&amp;quot;&amp;gt;…&amp;lt;/div&amp;gt; from &amp;lt;div class=&amp;quot; css-1pahdxg-control&amp;quot;&amp;gt;…&amp;lt;/div&amp;gt; subtree intercepts pointer events
- retrying click action, attempt #44
-   waiting 500ms
-   waiting for element to be visible, enabled and stable
-   element is visible, enabled and stable
-   scrolling into view if needed
-   done scrolling
-   &amp;lt;div class=&amp;quot; css-1hwfws3&amp;quot;&amp;gt;…&amp;lt;/div&amp;gt; from &amp;lt;div class=&amp;quot; css-1pahdxg-control&amp;quot;&amp;gt;…&amp;lt;/div&amp;gt; subtree intercepts pointer events
- retrying click action, attempt #45
-   waiting 500ms
-   waiting for element to be visible, enabled and stable
-   element is visible, enabled and stable
-   scrolling into view if needed
-   done scrolling
-   &amp;lt;div&amp;gt;…&amp;lt;/div&amp;gt; from &amp;lt;div id=&amp;quot;fixedban&amp;quot;&amp;gt;…&amp;lt;/div&amp;gt; subtree intercepts pointer events
- retrying click action, attempt #46
-   waiting 500ms
-   waiting for element to be visible, enabled and stable
-   element is visible, enabled and stable
-   scrolling into view if needed
-   done scrolling
-   &amp;lt;div class=&amp;quot; css-1pahdxg-control&amp;quot;&amp;gt;…&amp;lt;/div&amp;gt; intercepts pointer events
- retrying click action, attempt #47
-   waiting 500ms
-   waiting for element to be visible, enabled and stable
-   element is visible, enabled and stable
-   scrolling into view if needed
-   done scrolling
-   &amp;lt;div class=&amp;quot; css-1hwfws3&amp;quot;&amp;gt;…&amp;lt;/div&amp;gt; from &amp;lt;div class=&amp;quot; css-1pahdxg-control&amp;quot;&amp;gt;…&amp;lt;/div&amp;gt; subtree intercepts pointer events
- retrying click action, attempt #48
-   waiting 500ms
-   waiting for element to be visible, enabled and stable
-   element is visible, enabled and stable
-   scrolling into view if needed
-   done scrolling
-   &amp;lt;div class=&amp;quot; css-1hwfws3&amp;quot;&amp;gt;…&amp;lt;/div&amp;gt; from &amp;lt;div class=&amp;quot; css-1pahdxg-control&amp;quot;&amp;gt;…&amp;lt;/div&amp;gt; subtree intercepts pointer events
- retrying click action, attempt #49
-   waiting 500ms
-   waiting for element to be visible, enabled and stable
-   element is visible, enabled and stable
-   scrolling into view if needed
-   done scrolling
-   &amp;lt;div&amp;gt;…&amp;lt;/div&amp;gt; from &amp;lt;div id=&amp;quot;fixedban&amp;quot;&amp;gt;…&amp;lt;/div&amp;gt; subtree intercepts pointer events
- retrying click action, attempt #50
-   waiting 500ms
-   waiting for element to be visible, enabled and stable
-   element is visible, enabled and stable
-   scrolling into view if needed
-   done scrolling
-   &amp;lt;div class=&amp;quot; css-1pahdxg-control&amp;quot;&amp;gt;…&amp;lt;/div&amp;gt; intercepts pointer events
- retrying click action, attempt #51
-   waiting 500ms
-   waiting for element to be visible, enabled and stable
-   element is visible, enabled and stable
-   scrolling into view if needed
-   done scrolling
-   &amp;lt;div class=&amp;quot; css-1hwfws3&amp;quot;&amp;gt;…&amp;lt;/div&amp;gt; from &amp;lt;div class=&amp;quot; css-1pahdxg-control&amp;quot;&amp;gt;…&amp;lt;/div&amp;gt; subtree intercepts pointer events
- retrying click action, attempt #52
-   waiting 500ms
-   waiting for element to be visible, enabled and stable
-   element is visible, enabled and stable
-   scrolling into view if needed
-   done scrolling
-   &amp;lt;div class=&amp;quot; css-1hwfws3&amp;quot;&amp;gt;…&amp;lt;/div&amp;gt; from &amp;lt;div class=&amp;quot; css-1pahdxg-control&amp;quot;&amp;gt;…&amp;lt;/div&amp;gt; subtree intercepts pointer events
- retrying click action, attempt #53
-   waiting 500ms
-   waiting for element to be visible, enabled and stable
-   element is visible, enabled and stable
-   scrolling into view if needed
-   done scrolling
-   &amp;lt;div&amp;gt;…&amp;lt;/div&amp;gt; from &amp;lt;div id=&amp;quot;fixedban&amp;quot;&amp;gt;…&amp;lt;/div&amp;gt; subtree intercepts pointer events
- retrying click action, attempt #54
-   waiting 500ms
-   waiting for element to be visible, enabled and stable
-   element is visible, enabled and stable
-   scrolling into view if needed
-   done scrolling
-   &amp;lt;div class=&amp;quot; css-1pahdxg-control&amp;quot;&amp;gt;…&amp;lt;/div&amp;gt; intercepts pointer events
- retrying click action, attempt #55
-   waiting 500ms
-   waiting for element to be visible, enabled and stable
-   element is visible, enabled and stable
-   scrolling into view if needed
-   done scrolling
-   &amp;lt;div class=&amp;quot; css-1hwfws3&amp;quot;&amp;gt;…&amp;lt;/div&amp;gt; from &amp;lt;div class=&amp;quot; css-1pahdxg-control&amp;quot;&amp;gt;…&amp;lt;/div&amp;gt; subtree intercepts pointer events
- retrying click action, attempt #56
-   waiting 500ms
-   waiting for element to be visible, enabled and stable
-   element is visible, enabled and stable
-   scrolling into view if needed
-   done scrolling
-   &amp;lt;div class=&amp;quot; css-1hwfws3&amp;quot;&amp;gt;…&amp;lt;/div&amp;gt; from &amp;lt;div class=&amp;quot; css-1pahdxg-control&amp;quot;&amp;gt;…&amp;lt;/div&amp;gt; subtree intercepts pointer events
- retrying click action, attempt #57
-   waiting 500ms
-   waiting for element to be visible, enabled and stable
-   element is visible, enabled and stable
-   scrolling into view if needed
-   done scrolling
-   &amp;lt;div&amp;gt;…&amp;lt;/div&amp;gt; from &amp;lt;div id=&amp;quot;fixedban&amp;quot;&amp;gt;…&amp;lt;/div&amp;gt; subtree intercepts pointer events
- retrying click action, attempt #58
-   waiting 500ms
-   waiting for element to be visible, enabled and stable
-   element is visible, enabled and stable
-   scrolling into view if needed
-   done scrolling
-   &amp;lt;div class=&amp;quot; css-1pahdxg-control&amp;quot;&amp;gt;…&amp;lt;/div&amp;gt; intercepts pointer events
- retrying click action, attempt #59
-   waiting 500ms
-   waiting for element to be visible, enabled and stable
">
      <![CDATA[com.microsoft.playwright.TimeoutError: Error {
  message='Timeout 30000ms exceeded.
  name='TimeoutError
  stack='TimeoutError: Timeout 30000ms exceeded.
    at ProgressController.run (C:\Users\marius\AppData\Local\Temp\playwright-java-14731930189794878807\package\lib\server\progress.js:78:26)
    at Frame.click (C:\Users\marius\AppData\Local\Temp\playwright-java-14731930189794878807\package\lib\server\frames.js:1007:23)
    at FrameDispatcher.click (C:\Users\marius\AppData\Local\Temp\playwright-java-14731930189794878807\package\lib\server\dispatchers\frameDispatcher.js:157:30)
    at FrameDispatcher._handleCommand (C:\Users\marius\AppData\Local\Temp\playwright-java-14731930189794878807\package\lib\server\dispatchers\dispatcher.js:94:40)
    at DispatcherConnection.dispatch (C:\Users\marius\AppData\Local\Temp\playwright-java-14731930189794878807\package\lib\server\dispatchers\dispatcher.js:361:39)
}
Call log:
- waiting for locator("text=Jaipur")
-   locator resolved to 2 elements. Proceeding with the first one: <p id="aria-context">  option Jaipur focused, 1 of 2. 2 results availa…</p>
- attempting click action
-   waiting for element to be visible, enabled and stable
-   element is visible, enabled and stable
-   scrolling into view if needed
-   done scrolling
-   <div class=" css-1pahdxg-control">…</div> intercepts pointer events
- retrying click action, attempt #1
-   waiting for element to be visible, enabled and stable
-   element is visible, enabled and stable
-   scrolling into view if needed
-   done scrolling
-   <div>…</div> from <div id="fixedban">…</div> subtree intercepts pointer events
- retrying click action, attempt #2
-   waiting 20ms
-   waiting for element to be visible, enabled and stable
-   element is visible, enabled and stable
-   scrolling into view if needed
-   done scrolling
-   <div class=" css-1pahdxg-control">…</div> intercepts pointer events
- retrying click action, attempt #3
-   waiting 100ms
-   waiting for element to be visible, enabled and stable
-   element is visible, enabled and stable
-   scrolling into view if needed
-   done scrolling
-   <div class=" css-1hwfws3">…</div> from <div class=" css-1pahdxg-control">…</div> subtree intercepts pointer events
- retrying click action, attempt #4
-   waiting 100ms
-   waiting for element to be visible, enabled and stable
-   element is visible, enabled and stable
-   scrolling into view if needed
-   done scrolling
-   <div class=" css-1hwfws3">…</div> from <div class=" css-1pahdxg-control">…</div> subtree intercepts pointer events
- retrying click action, attempt #5
-   waiting 500ms
-   waiting for element to be visible, enabled and stable
-   element is visible, enabled and stable
-   scrolling into view if needed
-   done scrolling
-   <div>…</div> from <div id="fixedban">…</div> subtree intercepts pointer events
- retrying click action, attempt #6
-   waiting 500ms
-   waiting for element to be visible, enabled and stable
-   element is visible, enabled and stable
-   scrolling into view if needed
-   done scrolling
-   <div class=" css-1pahdxg-control">…</div> intercepts pointer events
- retrying click action, attempt #7
-   waiting 500ms
-   waiting for element to be visible, enabled and stable
-   element is visible, enabled and stable
-   scrolling into view if needed
-   done scrolling
-   <div class=" css-1hwfws3">…</div> from <div class=" css-1pahdxg-control">…</div> subtree intercepts pointer events
- retrying click action, attempt #8
-   waiting 500ms
-   waiting for element to be visible, enabled and stable
-   element is visible, enabled and stable
-   scrolling into view if needed
-   done scrolling
-   <div class=" css-1hwfws3">…</div> from <div class=" css-1pahdxg-control">…</div> subtree intercepts pointer events
- retrying click action, attempt #9
-   waiting 500ms
-   waiting for element to be visible, enabled and stable
-   element is visible, enabled and stable
-   scrolling into view if needed
-   done scrolling
-   <div>…</div> from <div id="fixedban">…</div> subtree intercepts pointer events
- retrying click action, attempt #10
-   waiting 500ms
-   waiting for element to be visible, enabled and stable
-   element is visible, enabled and stable
-   scrolling into view if needed
-   done scrolling
-   <div class=" css-1pahdxg-control">…</div> intercepts pointer events
- retrying click action, attempt #11
-   waiting 500ms
-   waiting for element to be visible, enabled and stable
-   element is visible, enabled and stable
-   scrolling into view if needed
-   done scrolling
-   <div class=" css-1hwfws3">…</div> from <div class=" css-1pahdxg-control">…</div> subtree intercepts pointer events
- retrying click action, attempt #12
-   waiting 500ms
-   waiting for element to be visible, enabled and stable
-   element is visible, enabled and stable
-   scrolling into view if needed
-   done scrolling
-   <div class=" css-1hwfws3">…</div> from <div class=" css-1pahdxg-control">…</div> subtree intercepts pointer events
- retrying click action, attempt #13
-   waiting 500ms
-   waiting for element to be visible, enabled and stable
-   element is visible, enabled and stable
-   scrolling into view if needed
-   done scrolling
-   <div>…</div> from <div id="fixedban">…</div> subtree intercepts pointer events
- retrying click action, attempt #14
-   waiting 500ms
-   waiting for element to be visible, enabled and stable
-   element is visible, enabled and stable
-   scrolling into view if needed
-   done scrolling
-   <div class=" css-1pahdxg-control">…</div> intercepts pointer events
- retrying click action, attempt #15
-   waiting 500ms
-   waiting for element to be visible, enabled and stable
-   element is visible, enabled and stable
-   scrolling into view if needed
-   done scrolling
-   <div class=" css-1hwfws3">…</div> from <div class=" css-1pahdxg-control">…</div> subtree intercepts pointer events
- retrying click action, attempt #16
-   waiting 500ms
-   waiting for element to be visible, enabled and stable
-   element is visible, enabled and stable
-   scrolling into view if needed
-   done scrolling
-   <div class=" css-1hwfws3">…</div> from <div class=" css-1pahdxg-control">…</div> subtree intercepts pointer events
- retrying click action, attempt #17
-   waiting 500ms
-   waiting for element to be visible, enabled and stable
-   element is visible, enabled and stable
-   scrolling into view if needed
-   done scrolling
-   <div>…</div> from <div id="fixedban">…</div> subtree intercepts pointer events
- retrying click action, attempt #18
-   waiting 500ms
-   waiting for element to be visible, enabled and stable
-   element is visible, enabled and stable
-   scrolling into view if needed
-   done scrolling
-   <div class=" css-1pahdxg-control">…</div> intercepts pointer events
- retrying click action, attempt #19
-   waiting 500ms
-   waiting for element to be visible, enabled and stable
-   element is visible, enabled and stable
-   scrolling into view if needed
-   done scrolling
-   <div class=" css-1hwfws3">…</div> from <div class=" css-1pahdxg-control">…</div> subtree intercepts pointer events
- retrying click action, attempt #20
-   waiting 500ms
-   waiting for element to be visible, enabled and stable
-   element is visible, enabled and stable
-   scrolling into view if needed
-   done scrolling
-   <div class=" css-1hwfws3">…</div> from <div class=" css-1pahdxg-control">…</div> subtree intercepts pointer events
- retrying click action, attempt #21
-   waiting 500ms
-   waiting for element to be visible, enabled and stable
-   element is visible, enabled and stable
-   scrolling into view if needed
-   done scrolling
-   <div>…</div> from <div id="fixedban">…</div> subtree intercepts pointer events
- retrying click action, attempt #22
-   waiting 500ms
-   waiting for element to be visible, enabled and stable
-   element is visible, enabled and stable
-   scrolling into view if needed
-   done scrolling
-   <div class=" css-1pahdxg-control">…</div> intercepts pointer events
- retrying click action, attempt #23
-   waiting 500ms
-   waiting for element to be visible, enabled and stable
-   element is visible, enabled and stable
-   scrolling into view if needed
-   done scrolling
-   <div class=" css-1hwfws3">…</div> from <div class=" css-1pahdxg-control">…</div> subtree intercepts pointer events
- retrying click action, attempt #24
-   waiting 500ms
-   waiting for element to be visible, enabled and stable
-   element is visible, enabled and stable
-   scrolling into view if needed
-   done scrolling
-   <div class=" css-1hwfws3">…</div> from <div class=" css-1pahdxg-control">…</div> subtree intercepts pointer events
- retrying click action, attempt #25
-   waiting 500ms
-   waiting for element to be visible, enabled and stable
-   element is visible, enabled and stable
-   scrolling into view if needed
-   done scrolling
-   <div>…</div> from <div id="fixedban">…</div> subtree intercepts pointer events
- retrying click action, attempt #26
-   waiting 500ms
-   waiting for element to be visible, enabled and stable
-   element is visible, enabled and stable
-   scrolling into view if needed
-   done scrolling
-   <div class=" css-1pahdxg-control">…</div> intercepts pointer events
- retrying click action, attempt #27
-   waiting 500ms
-   waiting for element to be visible, enabled and stable
-   element is visible, enabled and stable
-   scrolling into view if needed
-   done scrolling
-   <div class=" css-1hwfws3">…</div> from <div class=" css-1pahdxg-control">…</div> subtree intercepts pointer events
- retrying click action, attempt #28
-   waiting 500ms
-   waiting for element to be visible, enabled and stable
-   element is visible, enabled and stable
-   scrolling into view if needed
-   done scrolling
-   <div class=" css-1hwfws3">…</div> from <div class=" css-1pahdxg-control">…</div> subtree intercepts pointer events
- retrying click action, attempt #29
-   waiting 500ms
-   waiting for element to be visible, enabled and stable
-   element is visible, enabled and stable
-   scrolling into view if needed
-   done scrolling
-   <div>…</div> from <div id="fixedban">…</div> subtree intercepts pointer events
- retrying click action, attempt #30
-   waiting 500ms
-   waiting for element to be visible, enabled and stable
-   element is visible, enabled and stable
-   scrolling into view if needed
-   done scrolling
-   <div class=" css-1pahdxg-control">…</div> intercepts pointer events
- retrying click action, attempt #31
-   waiting 500ms
-   waiting for element to be visible, enabled and stable
-   element is visible, enabled and stable
-   scrolling into view if needed
-   done scrolling
-   <div class=" css-1hwfws3">…</div> from <div class=" css-1pahdxg-control">…</div> subtree intercepts pointer events
- retrying click action, attempt #32
-   waiting 500ms
-   waiting for element to be visible, enabled and stable
-   element is visible, enabled and stable
-   scrolling into view if needed
-   done scrolling
-   <div class=" css-1hwfws3">…</div> from <div class=" css-1pahdxg-control">…</div> subtree intercepts pointer events
- retrying click action, attempt #33
-   waiting 500ms
-   waiting for element to be visible, enabled and stable
-   element is visible, enabled and stable
-   scrolling into view if needed
-   done scrolling
-   <div>…</div> from <div id="fixedban">…</div> subtree intercepts pointer events
- retrying click action, attempt #34
-   waiting 500ms
-   waiting for element to be visible, enabled and stable
-   element is visible, enabled and stable
-   scrolling into view if needed
-   done scrolling
-   <div class=" css-1pahdxg-control">…</div> intercepts pointer events
- retrying click action, attempt #35
-   waiting 500ms
-   waiting for element to be visible, enabled and stable
-   element is visible, enabled and stable
-   scrolling into view if needed
-   done scrolling
-   <div class=" css-1hwfws3">…</div> from <div class=" css-1pahdxg-control">…</div> subtree intercepts pointer events
- retrying click action, attempt #36
-   waiting 500ms
-   waiting for element to be visible, enabled and stable
-   element is visible, enabled and stable
-   scrolling into view if needed
-   done scrolling
-   <div class=" css-1hwfws3">…</div> from <div class=" css-1pahdxg-control">…</div> subtree intercepts pointer events
- retrying click action, attempt #37
-   waiting 500ms
-   waiting for element to be visible, enabled and stable
-   element is visible, enabled and stable
-   scrolling into view if needed
-   done scrolling
-   <div>…</div> from <div id="fixedban">…</div> subtree intercepts pointer events
- retrying click action, attempt #38
-   waiting 500ms
-   waiting for element to be visible, enabled and stable
-   element is visible, enabled and stable
-   scrolling into view if needed
-   done scrolling
-   <div class=" css-1pahdxg-control">…</div> intercepts pointer events
- retrying click action, attempt #39
-   waiting 500ms
-   waiting for element to be visible, enabled and stable
-   element is visible, enabled and stable
-   scrolling into view if needed
-   done scrolling
-   <div class=" css-1hwfws3">…</div> from <div class=" css-1pahdxg-control">…</div> subtree intercepts pointer events
- retrying click action, attempt #40
-   waiting 500ms
-   waiting for element to be visible, enabled and stable
-   element is visible, enabled and stable
-   scrolling into view if needed
-   done scrolling
-   <div class=" css-1hwfws3">…</div> from <div class=" css-1pahdxg-control">…</div> subtree intercepts pointer events
- retrying click action, attempt #41
-   waiting 500ms
-   waiting for element to be visible, enabled and stable
-   element is visible, enabled and stable
-   scrolling into view if needed
-   done scrolling
-   <div>…</div> from <div id="fixedban">…</div> subtree intercepts pointer events
- retrying click action, attempt #42
-   waiting 500ms
-   waiting for element to be visible, enabled and stable
-   element is visible, enabled and stable
-   scrolling into view if needed
-   done scrolling
-   <div class=" css-1pahdxg-control">…</div> intercepts pointer events
- retrying click action, attempt #43
-   waiting 500ms
-   waiting for element to be visible, enabled and stable
-   element is visible, enabled and stable
-   scrolling into view if needed
-   done scrolling
-   <div class=" css-1hwfws3">…</div> from <div class=" css-1pahdxg-control">…</div> subtree intercepts pointer events
- retrying click action, attempt #44
-   waiting 500ms
-   waiting for element to be visible, enabled and stable
-   element is visible, enabled and stable
-   scrolling into view if needed
-   done scrolling
-   <div class=" css-1hwfws3">…</div> from <div class=" css-1pahdxg-control">…</div> subtree intercepts pointer events
- retrying click action, attempt #45
-   waiting 500ms
-   waiting for element to be visible, enabled and stable
-   element is visible, enabled and stable
-   scrolling into view if needed
-   done scrolling
-   <div>…</div> from <div id="fixedban">…</div> subtree intercepts pointer events
- retrying click action, attempt #46
-   waiting 500ms
-   waiting for element to be visible, enabled and stable
-   element is visible, enabled and stable
-   scrolling into view if needed
-   done scrolling
-   <div class=" css-1pahdxg-control">…</div> intercepts pointer events
- retrying click action, attempt #47
-   waiting 500ms
-   waiting for element to be visible, enabled and stable
-   element is visible, enabled and stable
-   scrolling into view if needed
-   done scrolling
-   <div class=" css-1hwfws3">…</div> from <div class=" css-1pahdxg-control">…</div> subtree intercepts pointer events
- retrying click action, attempt #48
-   waiting 500ms
-   waiting for element to be visible, enabled and stable
-   element is visible, enabled and stable
-   scrolling into view if needed
-   done scrolling
-   <div class=" css-1hwfws3">…</div> from <div class=" css-1pahdxg-control">…</div> subtree intercepts pointer events
- retrying click action, attempt #49
-   waiting 500ms
-   waiting for element to be visible, enabled and stable
-   element is visible, enabled and stable
-   scrolling into view if needed
-   done scrolling
-   <div>…</div> from <div id="fixedban">…</div> subtree intercepts pointer events
- retrying click action, attempt #50
-   waiting 500ms
-   waiting for element to be visible, enabled and stable
-   element is visible, enabled and stable
-   scrolling into view if needed
-   done scrolling
-   <div class=" css-1pahdxg-control">…</div> intercepts pointer events
- retrying click action, attempt #51
-   waiting 500ms
-   waiting for element to be visible, enabled and stable
-   element is visible, enabled and stable
-   scrolling into view if needed
-   done scrolling
-   <div class=" css-1hwfws3">…</div> from <div class=" css-1pahdxg-control">…</div> subtree intercepts pointer events
- retrying click action, attempt #52
-   waiting 500ms
-   waiting for element to be visible, enabled and stable
-   element is visible, enabled and stable
-   scrolling into view if needed
-   done scrolling
-   <div class=" css-1hwfws3">…</div> from <div class=" css-1pahdxg-control">…</div> subtree intercepts pointer events
- retrying click action, attempt #53
-   waiting 500ms
-   waiting for element to be visible, enabled and stable
-   element is visible, enabled and stable
-   scrolling into view if needed
-   done scrolling
-   <div>…</div> from <div id="fixedban">…</div> subtree intercepts pointer events
- retrying click action, attempt #54
-   waiting 500ms
-   waiting for element to be visible, enabled and stable
-   element is visible, enabled and stable
-   scrolling into view if needed
-   done scrolling
-   <div class=" css-1pahdxg-control">…</div> intercepts pointer events
- retrying click action, attempt #55
-   waiting 500ms
-   waiting for element to be visible, enabled and stable
-   element is visible, enabled and stable
-   scrolling into view if needed
-   done scrolling
-   <div class=" css-1hwfws3">…</div> from <div class=" css-1pahdxg-control">…</div> subtree intercepts pointer events
- retrying click action, attempt #56
-   waiting 500ms
-   waiting for element to be visible, enabled and stable
-   element is visible, enabled and stable
-   scrolling into view if needed
-   done scrolling
-   <div class=" css-1hwfws3">…</div> from <div class=" css-1pahdxg-control">…</div> subtree intercepts pointer events
- retrying click action, attempt #57
-   waiting 500ms
-   waiting for element to be visible, enabled and stable
-   element is visible, enabled and stable
-   scrolling into view if needed
-   done scrolling
-   <div>…</div> from <div id="fixedban">…</div> subtree intercepts pointer events
- retrying click action, attempt #58
-   waiting 500ms
-   waiting for element to be visible, enabled and stable
-   element is visible, enabled and stable
-   scrolling into view if needed
-   done scrolling
-   <div class=" css-1pahdxg-control">…</div> intercepts pointer events
- retrying click action, attempt #59
-   waiting 500ms
-   waiting for element to be visible, enabled and stable

at com.microsoft.playwright.impl.WaitableResult.get(WaitableResult.java:52)
at com.microsoft.playwright.impl.ChannelOwner.runUntil(ChannelOwner.java:120)
at com.microsoft.playwright.impl.Connection.sendMessage(Connection.java:130)
at com.microsoft.playwright.impl.ChannelOwner.sendMessage(ChannelOwner.java:106)
at com.microsoft.playwright.impl.FrameImpl.clickImpl(FrameImpl.java:252)
at com.microsoft.playwright.impl.PageImpl.lambda$click$18(PageImpl.java:682)
at com.microsoft.playwright.impl.LoggingSupport.lambda$withLogging$0(LoggingSupport.java:36)
at com.microsoft.playwright.impl.LoggingSupport.withLogging(LoggingSupport.java:47)
at com.microsoft.playwright.impl.ChannelOwner.withLogging(ChannelOwner.java:89)
at com.microsoft.playwright.impl.LoggingSupport.withLogging(LoggingSupport.java:35)
at com.microsoft.playwright.impl.PageImpl.click(PageImpl.java:681)
at com.microsoft.playwright.Page.click(Page.java:3956)
at org.example.test.PlaywrightFormTest.formTestPlaywright(PlaywrightFormTest.java:60)
at java.base/java.util.ArrayList.forEach(ArrayList.java:1596)
Caused by: com.microsoft.playwright.TimeoutError: Error {
  message='Timeout 30000ms exceeded.
  name='TimeoutError
  stack='TimeoutError: Timeout 30000ms exceeded.
    at ProgressController.run (C:\Users\marius\AppData\Local\Temp\playwright-java-14731930189794878807\package\lib\server\progress.js:78:26)
    at Frame.click (C:\Users\marius\AppData\Local\Temp\playwright-java-14731930189794878807\package\lib\server\frames.js:1007:23)
    at FrameDispatcher.click (C:\Users\marius\AppData\Local\Temp\playwright-java-14731930189794878807\package\lib\server\dispatchers\frameDispatcher.js:157:30)
    at FrameDispatcher._handleCommand (C:\Users\marius\AppData\Local\Temp\playwright-java-14731930189794878807\package\lib\server\dispatchers\dispatcher.js:94:40)
    at DispatcherConnection.dispatch (C:\Users\marius\AppData\Local\Temp\playwright-java-14731930189794878807\package\lib\server\dispatchers\dispatcher.js:361:39)
}
Call log:
- waiting for locator("text=Jaipur")
-   locator resolved to 2 elements. Proceeding with the first one: <p id="aria-context">  option Jaipur focused, 1 of 2. 2 results availa…</p>
- attempting click action
-   waiting for element to be visible, enabled and stable
-   element is visible, enabled and stable
-   scrolling into view if needed
-   done scrolling
-   <div class=" css-1pahdxg-control">…</div> intercepts pointer events
- retrying click action, attempt #1
-   waiting for element to be visible, enabled and stable
-   element is visible, enabled and stable
-   scrolling into view if needed
-   done scrolling
-   <div>…</div> from <div id="fixedban">…</div> subtree intercepts pointer events
- retrying click action, attempt #2
-   waiting 20ms
-   waiting for element to be visible, enabled and stable
-   element is visible, enabled and stable
-   scrolling into view if needed
-   done scrolling
-   <div class=" css-1pahdxg-control">…</div> intercepts pointer events
- retrying click action, attempt #3
-   waiting 100ms
-   waiting for element to be visible, enabled and stable
-   element is visible, enabled and stable
-   scrolling into view if needed
-   done scrolling
-   <div class=" css-1hwfws3">…</div> from <div class=" css-1pahdxg-control">…</div> subtree intercepts pointer events
- retrying click action, attempt #4
-   waiting 100ms
-   waiting for element to be visible, enabled and stable
-   element is visible, enabled and stable
-   scrolling into view if needed
-   done scrolling
-   <div class=" css-1hwfws3">…</div> from <div class=" css-1pahdxg-control">…</div> subtree intercepts pointer events
- retrying click action, attempt #5
-   waiting 500ms
-   waiting for element to be visible, enabled and stable
-   element is visible, enabled and stable
-   scrolling into view if needed
-   done scrolling
-   <div>…</div> from <div id="fixedban">…</div> subtree intercepts pointer events
- retrying click action, attempt #6
-   waiting 500ms
-   waiting for element to be visible, enabled and stable
-   element is visible, enabled and stable
-   scrolling into view if needed
-   done scrolling
-   <div class=" css-1pahdxg-control">…</div> intercepts pointer events
- retrying click action, attempt #7
-   waiting 500ms
-   waiting for element to be visible, enabled and stable
-   element is visible, enabled and stable
-   scrolling into view if needed
-   done scrolling
-   <div class=" css-1hwfws3">…</div> from <div class=" css-1pahdxg-control">…</div> subtree intercepts pointer events
- retrying click action, attempt #8
-   waiting 500ms
-   waiting for element to be visible, enabled and stable
-   element is visible, enabled and stable
-   scrolling into view if needed
-   done scrolling
-   <div class=" css-1hwfws3">…</div> from <div class=" css-1pahdxg-control">…</div> subtree intercepts pointer events
- retrying click action, attempt #9
-   waiting 500ms
-   waiting for element to be visible, enabled and stable
-   element is visible, enabled and stable
-   scrolling into view if needed
-   done scrolling
-   <div>…</div> from <div id="fixedban">…</div> subtree intercepts pointer events
- retrying click action, attempt #10
-   waiting 500ms
-   waiting for element to be visible, enabled and stable
-   element is visible, enabled and stable
-   scrolling into view if needed
-   done scrolling
-   <div class=" css-1pahdxg-control">…</div> intercepts pointer events
- retrying click action, attempt #11
-   waiting 500ms
-   waiting for element to be visible, enabled and stable
-   element is visible, enabled and stable
-   scrolling into view if needed
-   done scrolling
-   <div class=" css-1hwfws3">…</div> from <div class=" css-1pahdxg-control">…</div> subtree intercepts pointer events
- retrying click action, attempt #12
-   waiting 500ms
-   waiting for element to be visible, enabled and stable
-   element is visible, enabled and stable
-   scrolling into view if needed
-   done scrolling
-   <div class=" css-1hwfws3">…</div> from <div class=" css-1pahdxg-control">…</div> subtree intercepts pointer events
- retrying click action, attempt #13
-   waiting 500ms
-   waiting for element to be visible, enabled and stable
-   element is visible, enabled and stable
-   scrolling into view if needed
-   done scrolling
-   <div>…</div> from <div id="fixedban">…</div> subtree intercepts pointer events
- retrying click action, attempt #14
-   waiting 500ms
-   waiting for element to be visible, enabled and stable
-   element is visible, enabled and stable
-   scrolling into view if needed
-   done scrolling
-   <div class=" css-1pahdxg-control">…</div> intercepts pointer events
- retrying click action, attempt #15
-   waiting 500ms
-   waiting for element to be visible, enabled and stable
-   element is visible, enabled and stable
-   scrolling into view if needed
-   done scrolling
-   <div class=" css-1hwfws3">…</div> from <div class=" css-1pahdxg-control">…</div> subtree intercepts pointer events
- retrying click action, attempt #16
-   waiting 500ms
-   waiting for element to be visible, enabled and stable
-   element is visible, enabled and stable
-   scrolling into view if needed
-   done scrolling
-   <div class=" css-1hwfws3">…</div> from <div class=" css-1pahdxg-control">…</div> subtree intercepts pointer events
- retrying click action, attempt #17
-   waiting 500ms
-   waiting for element to be visible, enabled and stable
-   element is visible, enabled and stable
-   scrolling into view if needed
-   done scrolling
-   <div>…</div> from <div id="fixedban">…</div> subtree intercepts pointer events
- retrying click action, attempt #18
-   waiting 500ms
-   waiting for element to be visible, enabled and stable
-   element is visible, enabled and stable
-   scrolling into view if needed
-   done scrolling
-   <div class=" css-1pahdxg-control">…</div> intercepts pointer events
- retrying click action, attempt #19
-   waiting 500ms
-   waiting for element to be visible, enabled and stable
-   element is visible, enabled and stable
-   scrolling into view if needed
-   done scrolling
-   <div class=" css-1hwfws3">…</div> from <div class=" css-1pahdxg-control">…</div> subtree intercepts pointer events
- retrying click action, attempt #20
-   waiting 500ms
-   waiting for element to be visible, enabled and stable
-   element is visible, enabled and stable
-   scrolling into view if needed
-   done scrolling
-   <div class=" css-1hwfws3">…</div> from <div class=" css-1pahdxg-control">…</div> subtree intercepts pointer events
- retrying click action, attempt #21
-   waiting 500ms
-   waiting for element to be visible, enabled and stable
-   element is visible, enabled and stable
-   scrolling into view if needed
-   done scrolling
-   <div>…</div> from <div id="fixedban">…</div> subtree intercepts pointer events
- retrying click action, attempt #22
-   waiting 500ms
-   waiting for element to be visible, enabled and stable
-   element is visible, enabled and stable
-   scrolling into view if needed
-   done scrolling
-   <div class=" css-1pahdxg-control">…</div> intercepts pointer events
- retrying click action, attempt #23
-   waiting 500ms
-   waiting for element to be visible, enabled and stable
-   element is visible, enabled and stable
-   scrolling into view if needed
-   done scrolling
-   <div class=" css-1hwfws3">…</div> from <div class=" css-1pahdxg-control">…</div> subtree intercepts pointer events
- retrying click action, attempt #24
-   waiting 500ms
-   waiting for element to be visible, enabled and stable
-   element is visible, enabled and stable
-   scrolling into view if needed
-   done scrolling
-   <div class=" css-1hwfws3">…</div> from <div class=" css-1pahdxg-control">…</div> subtree intercepts pointer events
- retrying click action, attempt #25
-   waiting 500ms
-   waiting for element to be visible, enabled and stable
-   element is visible, enabled and stable
-   scrolling into view if needed
-   done scrolling
-   <div>…</div> from <div id="fixedban">…</div> subtree intercepts pointer events
- retrying click action, attempt #26
-   waiting 500ms
-   waiting for element to be visible, enabled and stable
-   element is visible, enabled and stable
-   scrolling into view if needed
-   done scrolling
-   <div class=" css-1pahdxg-control">…</div> intercepts pointer events
- retrying click action, attempt #27
-   waiting 500ms
-   waiting for element to be visible, enabled and stable
-   element is visible, enabled and stable
-   scrolling into view if needed
-   done scrolling
-   <div class=" css-1hwfws3">…</div> from <div class=" css-1pahdxg-control">…</div> subtree intercepts pointer events
- retrying click action, attempt #28
-   waiting 500ms
-   waiting for element to be visible, enabled and stable
-   element is visible, enabled and stable
-   scrolling into view if needed
-   done scrolling
-   <div class=" css-1hwfws3">…</div> from <div class=" css-1pahdxg-control">…</div> subtree intercepts pointer events
- retrying click action, attempt #29
-   waiting 500ms
-   waiting for element to be visible, enabled and stable
-   element is visible, enabled and stable
-   scrolling into view if needed
-   done scrolling
-   <div>…</div> from <div id="fixedban">…</div> subtree intercepts pointer events
- retrying click action, attempt #30
-   waiting 500ms
-   waiting for element to be visible, enabled and stable
-   element is visible, enabled and stable
-   scrolling into view if needed
-   done scrolling
-   <div class=" css-1pahdxg-control">…</div> intercepts pointer events
- retrying click action, attempt #31
-   waiting 500ms
-   waiting for element to be visible, enabled and stable
-   element is visible, enabled and stable
-   scrolling into view if needed
-   done scrolling
-   <div class=" css-1hwfws3">…</div> from <div class=" css-1pahdxg-control">…</div> subtree intercepts pointer events
- retrying click action, attempt #32
-   waiting 500ms
-   waiting for element to be visible, enabled and stable
-   element is visible, enabled and stable
-   scrolling into view if needed
-   done scrolling
-   <div class=" css-1hwfws3">…</div> from <div class=" css-1pahdxg-control">…</div> subtree intercepts pointer events
- retrying click action, attempt #33
-   waiting 500ms
-   waiting for element to be visible, enabled and stable
-   element is visible, enabled and stable
-   scrolling into view if needed
-   done scrolling
-   <div>…</div> from <div id="fixedban">…</div> subtree intercepts pointer events
- retrying click action, attempt #34
-   waiting 500ms
-   waiting for element to be visible, enabled and stable
-   element is visible, enabled and stable
-   scrolling into view if needed
-   done scrolling
-   <div class=" css-1pahdxg-control">…</div> intercepts pointer events
- retrying click action, attempt #35
-   waiting 500ms
-   waiting for element to be visible, enabled and stable
-   element is visible, enabled and stable
-   scrolling into view if needed
-   done scrolling
-   <div class=" css-1hwfws3">…</div> from <div class=" css-1pahdxg-control">…</div> subtree intercepts pointer events
- retrying click action, attempt #36
-   waiting 500ms
-   waiting for element to be visible, enabled and stable
-   element is visible, enabled and stable
-   scrolling into view if needed
-   done scrolling
-   <div class=" css-1hwfws3">…</div> from <div class=" css-1pahdxg-control">…</div> subtree intercepts pointer events
- retrying click action, attempt #37
-   waiting 500ms
-   waiting for element to be visible, enabled and stable
-   element is visible, enabled and stable
-   scrolling into view if needed
-   done scrolling
-   <div>…</div> from <div id="fixedban">…</div> subtree intercepts pointer events
- retrying click action, attempt #38
-   waiting 500ms
-   waiting for element to be visible, enabled and stable
-   element is visible, enabled and stable
-   scrolling into view if needed
-   done scrolling
-   <div class=" css-1pahdxg-control">…</div> intercepts pointer events
- retrying click action, attempt #39
-   waiting 500ms
-   waiting for element to be visible, enabled and stable
-   element is visible, enabled and stable
-   scrolling into view if needed
-   done scrolling
-   <div class=" css-1hwfws3">…</div> from <div class=" css-1pahdxg-control">…</div> subtree intercepts pointer events
- retrying click action, attempt #40
-   waiting 500ms
-   waiting for element to be visible, enabled and stable
-   element is visible, enabled and stable
-   scrolling into view if needed
-   done scrolling
-   <div class=" css-1hwfws3">…</div> from <div class=" css-1pahdxg-control">…</div> subtree intercepts pointer events
- retrying click action, attempt #41
-   waiting 500ms
-   waiting for element to be visible, enabled and stable
-   element is visible, enabled and stable
-   scrolling into view if needed
-   done scrolling
-   <div>…</div> from <div id="fixedban">…</div> subtree intercepts pointer events
- retrying click action, attempt #42
-   waiting 500ms
-   waiting for element to be visible, enabled and stable
-   element is visible, enabled and stable
-   scrolling into view if needed
-   done scrolling
-   <div class=" css-1pahdxg-control">…</div> intercepts pointer events
- retrying click action, attempt #43
-   waiting 500ms
-   waiting for element to be visible, enabled and stable
-   element is visible, enabled and stable
-   scrolling into view if needed
-   done scrolling
-   <div class=" css-1hwfws3">…</div> from <div class=" css-1pahdxg-control">…</div> subtree intercepts pointer events
- retrying click action, attempt #44
-   waiting 500ms
-   waiting for element to be visible, enabled and stable
-   element is visible, enabled and stable
-   scrolling into view if needed
-   done scrolling
-   <div class=" css-1hwfws3">…</div> from <div class=" css-1pahdxg-control">…</div> subtree intercepts pointer events
- retrying click action, attempt #45
-   waiting 500ms
-   waiting for element to be visible, enabled and stable
-   element is visible, enabled and stable
-   scrolling into view if needed
-   done scrolling
-   <div>…</div> from <div id="fixedban">…</div> subtree intercepts pointer events
- retrying click action, attempt #46
-   waiting 500ms
-   waiting for element to be visible, enabled and stable
-   element is visible, enabled and stable
-   scrolling into view if needed
-   done scrolling
-   <div class=" css-1pahdxg-control">…</div> intercepts pointer events
- retrying click action, attempt #47
-   waiting 500ms
-   waiting for element to be visible, enabled and stable
-   element is visible, enabled and stable
-   scrolling into view if needed
-   done scrolling
-   <div class=" css-1hwfws3">…</div> from <div class=" css-1pahdxg-control">…</div> subtree intercepts pointer events
- retrying click action, attempt #48
-   waiting 500ms
-   waiting for element to be visible, enabled and stable
-   element is visible, enabled and stable
-   scrolling into view if needed
-   done scrolling
-   <div class=" css-1hwfws3">…</div> from <div class=" css-1pahdxg-control">…</div> subtree intercepts pointer events
- retrying click action, attempt #49
-   waiting 500ms
-   waiting for element to be visible, enabled and stable
-   element is visible, enabled and stable
-   scrolling into view if needed
-   done scrolling
-   <div>…</div> from <div id="fixedban">…</div> subtree intercepts pointer events
- retrying click action, attempt #50
-   waiting 500ms
-   waiting for element to be visible, enabled and stable
-   element is visible, enabled and stable
-   scrolling into view if needed
-   done scrolling
-   <div class=" css-1pahdxg-control">…</div> intercepts pointer events
- retrying click action, attempt #51
-   waiting 500ms
-   waiting for element to be visible, enabled and stable
-   element is visible, enabled and stable
-   scrolling into view if needed
-   done scrolling
-   <div class=" css-1hwfws3">…</div> from <div class=" css-1pahdxg-control">…</div> subtree intercepts pointer events
- retrying click action, attempt #52
-   waiting 500ms
-   waiting for element to be visible, enabled and stable
-   element is visible, enabled and stable
-   scrolling into view if needed
-   done scrolling
-   <div class=" css-1hwfws3">…</div> from <div class=" css-1pahdxg-control">…</div> subtree intercepts pointer events
- retrying click action, attempt #53
-   waiting 500ms
-   waiting for element to be visible, enabled and stable
-   element is visible, enabled and stable
-   scrolling into view if needed
-   done scrolling
-   <div>…</div> from <div id="fixedban">…</div> subtree intercepts pointer events
- retrying click action, attempt #54
-   waiting 500ms
-   waiting for element to be visible, enabled and stable
-   element is visible, enabled and stable
-   scrolling into view if needed
-   done scrolling
-   <div class=" css-1pahdxg-control">…</div> intercepts pointer events
- retrying click action, attempt #55
-   waiting 500ms
-   waiting for element to be visible, enabled and stable
-   element is visible, enabled and stable
-   scrolling into view if needed
-   done scrolling
-   <div class=" css-1hwfws3">…</div> from <div class=" css-1pahdxg-control">…</div> subtree intercepts pointer events
- retrying click action, attempt #56
-   waiting 500ms
-   waiting for element to be visible, enabled and stable
-   element is visible, enabled and stable
-   scrolling into view if needed
-   done scrolling
-   <div class=" css-1hwfws3">…</div> from <div class=" css-1pahdxg-control">…</div> subtree intercepts pointer events
- retrying click action, attempt #57
-   waiting 500ms
-   waiting for element to be visible, enabled and stable
-   element is visible, enabled and stable
-   scrolling into view if needed
-   done scrolling
-   <div>…</div> from <div id="fixedban">…</div> subtree intercepts pointer events
- retrying click action, attempt #58
-   waiting 500ms
-   waiting for element to be visible, enabled and stable
-   element is visible, enabled and stable
-   scrolling into view if needed
-   done scrolling
-   <div class=" css-1pahdxg-control">…</div> intercepts pointer events
- retrying click action, attempt #59
-   waiting 500ms
-   waiting for element to be visible, enabled and stable

at com.microsoft.playwright.impl.Connection.dispatch(Connection.java:254)
at com.microsoft.playwright.impl.Connection.processOneMessage(Connection.java:211)
at com.microsoft.playwright.impl.ChannelOwner.runUntil(ChannelOwner.java:118)
... 42 more
... Removed 30 stack frames]]>
    </failure>
  </testcase> <!-- formTestPlaywright -->
</testsuite> <!-- Surefire test -->
