<?xml version="1.0" encoding="UTF-8"?>
<testsuite xmlns:xsi="http://www.w3.org/2001/XMLSchema-instance" xsi:noNamespaceSchemaLocation="https://maven.apache.org/surefire/maven-surefire-plugin/xsd/surefire-test-report-3.0.xsd" version="3.0" name="TestSuite" time="66.626" tests="2" errors="0" skipped="0" failures="1">
  <properties>
[...]
</properties>
  <testcase name="formTest" classname="org.example.test.FormTest" time="10.589">
    <system-out><![CDATA[
]]></system-out>
    <system-err><![CDATA[SLF4J(W): No SLF4J providers were found.
SLF4J(W): Defaulting to no-operation (NOP) logger implementation
SLF4J(W): See https://www.slf4j.org/codes.html#noProviders for further details.
nov. 14, 2025 12:29:26 A.M. org.openqa.selenium.devtools.CdpVersionFinder findNearestMatch
WARNING: Unable to find an exact match for CDP version 142, returning the closest version; found: 139; Please update to a Selenium version that supports CDP version 142
]]></system-err>
  </testcase>
  <testcase name="formTestPlaywright" classname="org.example.test.PlaywrightFormTest" time="51.01">
    <failure message="Error {&#10;  message=&apos;Timeout 30000ms exceeded.&#10;  name=&apos;TimeoutError&#10;  stack=&apos;TimeoutError: Timeout 30000ms exceeded.&#10;    at ProgressController.run (C:\Users\marius\AppData\Local\Temp\playwright-java-14731930189794878807\package\lib\server\progress.js:78:26)&#10;    at Frame.click (C:\Users\marius\AppData\Local\Temp\playwright-java-14731930189794878807\package\lib\server\frames.js:1007:23)&#10;    at FrameDispatcher.click (C:\Users\marius\AppData\Local\Temp\playwright-java-14731930189794878807\package\lib\server\dispatchers\frameDispatcher.js:157:30)&#10;    at FrameDispatcher._handleCommand (C:\Users\marius\AppData\Local\Temp\playwright-java-14731930189794878807\package\lib\server\dispatchers\dispatcher.js:94:40)&#10;    at DispatcherConnection.dispatch (C:\Users\marius\AppData\Local\Temp\playwright-java-14731930189794878807\package\lib\server\dispatchers\dispatcher.js:361:39)&#10;}&#10;Call log:&#10;- waiting for locator(&quot;text=Jaipur&quot;)&#10;-   locator resolved to 2 elements. Proceeding with the first one: &lt;p id=&quot;aria-context&quot;&gt;  option Jaipur focused, 1 of 2. 2 results availa…&lt;/p&gt;&#10;- attempting click action&#10;-   waiting for element to be visible, enabled and stable&#10;-   element is visible, enabled and stable&#10;-   scrolling into view if needed&#10;-   done scrolling&#10;-   &lt;div class=&quot; css-1pahdxg-control&quot;&gt;…&lt;/div&gt; intercepts pointer events&#10;- retrying click action, attempt #1&#10;-   waiting for element to be visible, enabled and stable&#10;-   element is visible, enabled and stable&#10;-   scrolling into view if needed&#10;-   done scrolling&#10;-   &lt;div&gt;…&lt;/div&gt; from &lt;div id=&quot;fixedban&quot;&gt;…&lt;/div&gt; subtree intercepts pointer events&#10;- retrying click action, attempt #2&#10;-   waiting 20ms&#10;-   waiting for element to be visible, enabled and stable&#10;-   element is visible, enabled and stable&#10;-   scrolling into view if needed&#10;-   done scrolling&#10;-   &lt;div class=&quot; css-1pahdxg-control&quot;&gt;…&lt;/div&gt; intercepts pointer events&#10;- retrying click action, attempt #3&#10;-   waiting 100ms&#10;-   waiting for element to be visible, enabled and stable&#10;-   element is visible, enabled and stable&#10;-   scrolling into view if needed&#10;-   done scrolling&#10;-   &lt;div class=&quot; css-1hwfws3&quot;&gt;…&lt;/div&gt; from &lt;div class=&quot; css-1pahdxg-control&quot;&gt;…&lt;/div&gt; subtree intercepts pointer events&#10;- retrying click action, attempt #4&#10;-   waiting 100ms&#10;-   waiting for element to be visible, enabled and stable&#10;-   element is visible, enabled and stable&#10;-   scrolling into view if needed&#10;-   done scrolling&#10;-   &lt;div class=&quot; css-1hwfws3&quot;&gt;…&lt;/div&gt; from &lt;div class=&quot; css-1pahdxg-control&quot;&gt;…&lt;/div&gt; subtree intercepts pointer events&#10;- retrying click action, attempt #5&#10;-   waiting 500ms&#10;-   waiting for element to be visible, enabled and stable&#10;-   element is visible, enabled and stable&#10;-   scrolling into view if needed&#10;-   done scrolling&#10;-   &lt;div&gt;…&lt;/div&gt; from &lt;div id=&quot;fixedban&quot;&gt;…&lt;/div&gt; subtree intercepts pointer events&#10;- retrying click action, attempt #6&#10;-   waiting 500ms&#10;-   waiting for element to be visible, enabled and stable&#10;-   element is visible, enabled and stable&#10;-   scrolling into view if needed&#10;-   done scrolling&#10;-   &lt;div class=&quot; css-1pahdxg-control&quot;&gt;…&lt;/div&gt; intercepts pointer events&#10;- retrying click action, attempt #7&#10;-   waiting 500ms&#10;-   waiting for element to be visible, enabled and stable&#10;-   element is visible, enabled and stable&#10;-   scrolling into view if needed&#10;-   done scrolling&#10;-   &lt;div class=&quot; css-1hwfws3&quot;&gt;…&lt;/div&gt; from &lt;div class=&quot; css-1pahdxg-control&quot;&gt;…&lt;/div&gt; subtree intercepts pointer events&#10;- retrying click action, attempt #8&#10;-   waiting 500ms&#10;-   waiting for element to be visible, enabled and stable&#10;-   element is visible, enabled and stable&#10;-   scrolling into view if needed&#10;-   done scrolling&#10;-   &lt;div class=&quot; css-1hwfws3&quot;&gt;…&lt;/div&gt; from &lt;div class=&quot; css-1pahdxg-control&quot;&gt;…&lt;/div&gt; subtree intercepts pointer events&#10;- retrying click action, attempt #9&#10;-   waiting 500ms&#10;-   waiting for element to be visible, enabled and stable&#10;-   element is visible, enabled and stable&#10;-   scrolling into view if needed&#10;-   done scrolling&#10;-   &lt;div&gt;…&lt;/div&gt; from &lt;div id=&quot;fixedban&quot;&gt;…&lt;/div&gt; subtree intercepts pointer events&#10;- retrying click action, attempt #10&#10;-   waiting 500ms&#10;-   waiting for element to be visible, enabled and stable&#10;-   element is visible, enabled and stable&#10;-   scrolling into view if needed&#10;-   done scrolling&#10;-   &lt;div class=&quot; css-1pahdxg-control&quot;&gt;…&lt;/div&gt; intercepts pointer events&#10;- retrying click action, attempt #11&#10;-   waiting 500ms&#10;-   waiting for element to be visible, enabled and stable&#10;-   element is visible, enabled and stable&#10;-   scrolling into view if needed&#10;-   done scrolling&#10;-   &lt;div class=&quot; css-1hwfws3&quot;&gt;…&lt;/div&gt; from &lt;div class=&quot; css-1pahdxg-control&quot;&gt;…&lt;/div&gt; subtree intercepts pointer events&#10;- retrying click action, attempt #12&#10;-   waiting 500ms&#10;-   waiting for element to be visible, enabled and stable&#10;-   element is visible, enabled and stable&#10;-   scrolling into view if needed&#10;-   done scrolling&#10;-   &lt;div class=&quot; css-1hwfws3&quot;&gt;…&lt;/div&gt; from &lt;div class=&quot; css-1pahdxg-control&quot;&gt;…&lt;/div&gt; subtree intercepts pointer events&#10;- retrying click action, attempt #13&#10;-   waiting 500ms&#10;-   waiting for element to be visible, enabled and stable&#10;-   element is visible, enabled and stable&#10;-   scrolling into view if needed&#10;-   done scrolling&#10;-   &lt;div&gt;…&lt;/div&gt; from &lt;div id=&quot;fixedban&quot;&gt;…&lt;/div&gt; subtree intercepts pointer events&#10;- retrying click action, attempt #14&#10;-   waiting 500ms&#10;-   waiting for element to be visible, enabled and stable&#10;-   element is visible, enabled and stable&#10;-   scrolling into view if needed&#10;-   done scrolling&#10;-   &lt;div class=&quot; css-1pahdxg-control&quot;&gt;…&lt;/div&gt; intercepts pointer events&#10;- retrying click action, attempt #15&#10;-   waiting 500ms&#10;-   waiting for element to be visible, enabled and stable&#10;-   element is visible, enabled and stable&#10;-   scrolling into view if needed&#10;-   done scrolling&#10;-   &lt;div class=&quot; css-1hwfws3&quot;&gt;…&lt;/div&gt; from &lt;div class=&quot; css-1pahdxg-control&quot;&gt;…&lt;/div&gt; subtree intercepts pointer events&#10;- retrying click action, attempt #16&#10;-   waiting 500ms&#10;-   waiting for element to be visible, enabled and stable&#10;-   element is visible, enabled and stable&#10;-   scrolling into view if needed&#10;-   done scrolling&#10;-   &lt;div class=&quot; css-1hwfws3&quot;&gt;…&lt;/div&gt; from &lt;div class=&quot; css-1pahdxg-control&quot;&gt;…&lt;/div&gt; subtree intercepts pointer events&#10;- retrying click action, attempt #17&#10;-   waiting 500ms&#10;-   waiting for element to be visible, enabled and stable&#10;-   element is visible, enabled and stable&#10;-   scrolling into view if needed&#10;-   done scrolling&#10;-   &lt;div&gt;…&lt;/div&gt; from &lt;div id=&quot;fixedban&quot;&gt;…&lt;/div&gt; subtree intercepts pointer events&#10;- retrying click action, attempt #18&#10;-   waiting 500ms&#10;-   waiting for element to be visible, enabled and stable&#10;-   element is visible, enabled and stable&#10;-   scrolling into view if needed&#10;-   done scrolling&#10;-   &lt;div class=&quot; css-1pahdxg-control&quot;&gt;…&lt;/div&gt; intercepts pointer events&#10;- retrying click action, attempt #19&#10;-   waiting 500ms&#10;-   waiting for element to be visible, enabled and stable&#10;-   element is visible, enabled and stable&#10;-   scrolling into view if needed&#10;-   done scrolling&#10;-   &lt;div class=&quot; css-1hwfws3&quot;&gt;…&lt;/div&gt; from &lt;div class=&quot; css-1pahdxg-control&quot;&gt;…&lt;/div&gt; subtree intercepts pointer events&#10;- retrying click action, attempt #20&#10;-   waiting 500ms&#10;-   waiting for element to be visible, enabled and stable&#10;-   element is visible, enabled and stable&#10;-   scrolling into view if needed&#10;-   done scrolling&#10;-   &lt;div class=&quot; css-1hwfws3&quot;&gt;…&lt;/div&gt; from &lt;div class=&quot; css-1pahdxg-control&quot;&gt;…&lt;/div&gt; subtree intercepts pointer events&#10;- retrying click action, attempt #21&#10;-   waiting 500ms&#10;-   waiting for element to be visible, enabled and stable&#10;-   element is visible, enabled and stable&#10;-   scrolling into view if needed&#10;-   done scrolling&#10;-   &lt;div&gt;…&lt;/div&gt; from &lt;div id=&quot;fixedban&quot;&gt;…&lt;/div&gt; subtree intercepts pointer events&#10;- retrying click action, attempt #22&#10;-   waiting 500ms&#10;-   waiting for element to be visible, enabled and stable&#10;-   element is visible, enabled and stable&#10;-   scrolling into view if needed&#10;-   done scrolling&#10;-   &lt;div class=&quot; css-1pahdxg-control&quot;&gt;…&lt;/div&gt; intercepts pointer events&#10;- retrying click action, attempt #23&#10;-   waiting 500ms&#10;-   waiting for element to be visible, enabled and stable&#10;-   element is visible, enabled and stable&#10;-   scrolling into view if needed&#10;-   done scrolling&#10;-   &lt;div class=&quot; css-1hwfws3&quot;&gt;…&lt;/div&gt; from &lt;div class=&quot; css-1pahdxg-control&quot;&gt;…&lt;/div&gt; subtree intercepts pointer events&#10;- retrying click action, attempt #24&#10;-   waiting 500ms&#10;-   waiting for element to be visible, enabled and stable&#10;-   element is visible, enabled and stable&#10;-   scrolling into view if needed&#10;-   done scrolling&#10;-   &lt;div class=&quot; css-1hwfws3&quot;&gt;…&lt;/div&gt; from &lt;div class=&quot; css-1pahdxg-control&quot;&gt;…&lt;/div&gt; subtree intercepts pointer events&#10;- retrying click action, attempt #25&#10;-   waiting 500ms&#10;-   waiting for element to be visible, enabled and stable&#10;-   element is visible, enabled and stable&#10;-   scrolling into view if needed&#10;-   done scrolling&#10;-   &lt;div&gt;…&lt;/div&gt; from &lt;div id=&quot;fixedban&quot;&gt;…&lt;/div&gt; subtree intercepts pointer events&#10;- retrying click action, attempt #26&#10;-   waiting 500ms&#10;-   waiting for element to be visible, enabled and stable&#10;-   element is visible, enabled and stable&#10;-   scrolling into view if needed&#10;-   done scrolling&#10;-   &lt;div class=&quot; css-1pahdxg-control&quot;&gt;…&lt;/div&gt; intercepts pointer events&#10;- retrying click action, attempt #27&#10;-   waiting 500ms&#10;-   waiting for element to be visible, enabled and stable&#10;-   element is visible, enabled and stable&#10;-   scrolling into view if needed&#10;-   done scrolling&#10;-   &lt;div class=&quot; css-1hwfws3&quot;&gt;…&lt;/div&gt; from &lt;div class=&quot; css-1pahdxg-control&quot;&gt;…&lt;/div&gt; subtree intercepts pointer events&#10;- retrying click action, attempt #28&#10;-   waiting 500ms&#10;-   waiting for element to be visible, enabled and stable&#10;-   element is visible, enabled and stable&#10;-   scrolling into view if needed&#10;-   done scrolling&#10;-   &lt;div class=&quot; css-1hwfws3&quot;&gt;…&lt;/div&gt; from &lt;div class=&quot; css-1pahdxg-control&quot;&gt;…&lt;/div&gt; subtree intercepts pointer events&#10;- retrying click action, attempt #29&#10;-   waiting 500ms&#10;-   waiting for element to be visible, enabled and stable&#10;-   element is visible, enabled and stable&#10;-   scrolling into view if needed&#10;-   done scrolling&#10;-   &lt;div&gt;…&lt;/div&gt; from &lt;div id=&quot;fixedban&quot;&gt;…&lt;/div&gt; subtree intercepts pointer events&#10;- retrying click action, attempt #30&#10;-   waiting 500ms&#10;-   waiting for element to be visible, enabled and stable&#10;-   element is visible, enabled and stable&#10;-   scrolling into view if needed&#10;-   done scrolling&#10;-   &lt;div class=&quot; css-1pahdxg-control&quot;&gt;…&lt;/div&gt; intercepts pointer events&#10;- retrying click action, attempt #31&#10;-   waiting 500ms&#10;-   waiting for element to be visible, enabled and stable&#10;-   element is visible, enabled and stable&#10;-   scrolling into view if needed&#10;-   done scrolling&#10;-   &lt;div class=&quot; css-1hwfws3&quot;&gt;…&lt;/div&gt; from &lt;div class=&quot; css-1pahdxg-control&quot;&gt;…&lt;/div&gt; subtree intercepts pointer events&#10;- retrying click action, attempt #32&#10;-   waiting 500ms&#10;-   waiting for element to be visible, enabled and stable&#10;-   element is visible, enabled and stable&#10;-   scrolling into view if needed&#10;-   done scrolling&#10;-   &lt;div class=&quot; css-1hwfws3&quot;&gt;…&lt;/div&gt; from &lt;div class=&quot; css-1pahdxg-control&quot;&gt;…&lt;/div&gt; subtree intercepts pointer events&#10;- retrying click action, attempt #33&#10;-   waiting 500ms&#10;-   waiting for element to be visible, enabled and stable&#10;-   element is visible, enabled and stable&#10;-   scrolling into view if needed&#10;-   done scrolling&#10;-   &lt;div&gt;…&lt;/div&gt; from &lt;div id=&quot;fixedban&quot;&gt;…&lt;/div&gt; subtree intercepts pointer events&#10;- retrying click action, attempt #34&#10;-   waiting 500ms&#10;-   waiting for element to be visible, enabled and stable&#10;-   element is visible, enabled and stable&#10;-   scrolling into view if needed&#10;-   done scrolling&#10;-   &lt;div class=&quot; css-1pahdxg-control&quot;&gt;…&lt;/div&gt; intercepts pointer events&#10;- retrying click action, attempt #35&#10;-   waiting 500ms&#10;-   waiting for element to be visible, enabled and stable&#10;-   element is visible, enabled and stable&#10;-   scrolling into view if needed&#10;-   done scrolling&#10;-   &lt;div class=&quot; css-1hwfws3&quot;&gt;…&lt;/div&gt; from &lt;div class=&quot; css-1pahdxg-control&quot;&gt;…&lt;/div&gt; subtree intercepts pointer events&#10;- retrying click action, attempt #36&#10;-   waiting 500ms&#10;-   waiting for element to be visible, enabled and stable&#10;-   element is visible, enabled and stable&#10;-   scrolling into view if needed&#10;-   done scrolling&#10;-   &lt;div class=&quot; css-1hwfws3&quot;&gt;…&lt;/div&gt; from &lt;div class=&quot; css-1pahdxg-control&quot;&gt;…&lt;/div&gt; subtree intercepts pointer events&#10;- retrying click action, attempt #37&#10;-   waiting 500ms&#10;-   waiting for element to be visible, enabled and stable&#10;-   element is visible, enabled and stable&#10;-   scrolling into view if needed&#10;-   done scrolling&#10;-   &lt;div&gt;…&lt;/div&gt; from &lt;div id=&quot;fixedban&quot;&gt;…&lt;/div&gt; subtree intercepts pointer events&#10;- retrying click action, attempt #38&#10;-   waiting 500ms&#10;-   waiting for element to be visible, enabled and stable&#10;-   element is visible, enabled and stable&#10;-   scrolling into view if needed&#10;-   done scrolling&#10;-   &lt;div class=&quot; css-1pahdxg-control&quot;&gt;…&lt;/div&gt; intercepts pointer events&#10;- retrying click action, attempt #39&#10;-   waiting 500ms&#10;-   waiting for element to be visible, enabled and stable&#10;-   element is visible, enabled and stable&#10;-   scrolling into view if needed&#10;-   done scrolling&#10;-   &lt;div class=&quot; css-1hwfws3&quot;&gt;…&lt;/div&gt; from &lt;div class=&quot; css-1pahdxg-control&quot;&gt;…&lt;/div&gt; subtree intercepts pointer events&#10;- retrying click action, attempt #40&#10;-   waiting 500ms&#10;-   waiting for element to be visible, enabled and stable&#10;-   element is visible, enabled and stable&#10;-   scrolling into view if needed&#10;-   done scrolling&#10;-   &lt;div class=&quot; css-1hwfws3&quot;&gt;…&lt;/div&gt; from &lt;div class=&quot; css-1pahdxg-control&quot;&gt;…&lt;/div&gt; subtree intercepts pointer events&#10;- retrying click action, attempt #41&#10;-   waiting 500ms&#10;-   waiting for element to be visible, enabled and stable&#10;-   element is visible, enabled and stable&#10;-   scrolling into view if needed&#10;-   done scrolling&#10;-   &lt;div&gt;…&lt;/div&gt; from &lt;div id=&quot;fixedban&quot;&gt;…&lt;/div&gt; subtree intercepts pointer events&#10;- retrying click action, attempt #42&#10;-   waiting 500ms&#10;-   waiting for element to be visible, enabled and stable&#10;-   element is visible, enabled and stable&#10;-   scrolling into view if needed&#10;-   done scrolling&#10;-   &lt;div class=&quot; css-1pahdxg-control&quot;&gt;…&lt;/div&gt; intercepts pointer events&#10;- retrying click action, attempt #43&#10;-   waiting 500ms&#10;-   waiting for element to be visible, enabled and stable&#10;-   element is visible, enabled and stable&#10;-   scrolling into view if needed&#10;-   done scrolling&#10;-   &lt;div class=&quot; css-1hwfws3&quot;&gt;…&lt;/div&gt; from &lt;div class=&quot; css-1pahdxg-control&quot;&gt;…&lt;/div&gt; subtree intercepts pointer events&#10;- retrying click action, attempt #44&#10;-   waiting 500ms&#10;-   waiting for element to be visible, enabled and stable&#10;-   element is visible, enabled and stable&#10;-   scrolling into view if needed&#10;-   done scrolling&#10;-   &lt;div class=&quot; css-1hwfws3&quot;&gt;…&lt;/div&gt; from &lt;div class=&quot; css-1pahdxg-control&quot;&gt;…&lt;/div&gt; subtree intercepts pointer events&#10;- retrying click action, attempt #45&#10;-   waiting 500ms&#10;-   waiting for element to be visible, enabled and stable&#10;-   element is visible, enabled and stable&#10;-   scrolling into view if needed&#10;-   done scrolling&#10;-   &lt;div&gt;…&lt;/div&gt; from &lt;div id=&quot;fixedban&quot;&gt;…&lt;/div&gt; subtree intercepts pointer events&#10;- retrying click action, attempt #46&#10;-   waiting 500ms&#10;-   waiting for element to be visible, enabled and stable&#10;-   element is visible, enabled and stable&#10;-   scrolling into view if needed&#10;-   done scrolling&#10;-   &lt;div class=&quot; css-1pahdxg-control&quot;&gt;…&lt;/div&gt; intercepts pointer events&#10;- retrying click action, attempt #47&#10;-   waiting 500ms&#10;-   waiting for element to be visible, enabled and stable&#10;-   element is visible, enabled and stable&#10;-   scrolling into view if needed&#10;-   done scrolling&#10;-   &lt;div class=&quot; css-1hwfws3&quot;&gt;…&lt;/div&gt; from &lt;div class=&quot; css-1pahdxg-control&quot;&gt;…&lt;/div&gt; subtree intercepts pointer events&#10;- retrying click action, attempt #48&#10;-   waiting 500ms&#10;-   waiting for element to be visible, enabled and stable&#10;-   element is visible, enabled and stable&#10;-   scrolling into view if needed&#10;-   done scrolling&#10;-   &lt;div class=&quot; css-1hwfws3&quot;&gt;…&lt;/div&gt; from &lt;div class=&quot; css-1pahdxg-control&quot;&gt;…&lt;/div&gt; subtree intercepts pointer events&#10;- retrying click action, attempt #49&#10;-   waiting 500ms&#10;-   waiting for element to be visible, enabled and stable&#10;-   element is visible, enabled and stable&#10;-   scrolling into view if needed&#10;-   done scrolling&#10;-   &lt;div&gt;…&lt;/div&gt; from &lt;div id=&quot;fixedban&quot;&gt;…&lt;/div&gt; subtree intercepts pointer events&#10;- retrying click action, attempt #50&#10;-   waiting 500ms&#10;-   waiting for element to be visible, enabled and stable&#10;-   element is visible, enabled and stable&#10;-   scrolling into view if needed&#10;-   done scrolling&#10;-   &lt;div class=&quot; css-1pahdxg-control&quot;&gt;…&lt;/div&gt; intercepts pointer events&#10;- retrying click action, attempt #51&#10;-   waiting 500ms&#10;-   waiting for element to be visible, enabled and stable&#10;-   element is visible, enabled and stable&#10;-   scrolling into view if needed&#10;-   done scrolling&#10;-   &lt;div class=&quot; css-1hwfws3&quot;&gt;…&lt;/div&gt; from &lt;div class=&quot; css-1pahdxg-control&quot;&gt;…&lt;/div&gt; subtree intercepts pointer events&#10;- retrying click action, attempt #52&#10;-   waiting 500ms&#10;-   waiting for element to be visible, enabled and stable&#10;-   element is visible, enabled and stable&#10;-   scrolling into view if needed&#10;-   done scrolling&#10;-   &lt;div class=&quot; css-1hwfws3&quot;&gt;…&lt;/div&gt; from &lt;div class=&quot; css-1pahdxg-control&quot;&gt;…&lt;/div&gt; subtree intercepts pointer events&#10;- retrying click action, attempt #53&#10;-   waiting 500ms&#10;-   waiting for element to be visible, enabled and stable&#10;-   element is visible, enabled and stable&#10;-   scrolling into view if needed&#10;-   done scrolling&#10;-   &lt;div&gt;…&lt;/div&gt; from &lt;div id=&quot;fixedban&quot;&gt;…&lt;/div&gt; subtree intercepts pointer events&#10;- retrying click action, attempt #54&#10;-   waiting 500ms&#10;-   waiting for element to be visible, enabled and stable&#10;-   element is visible, enabled and stable&#10;-   scrolling into view if needed&#10;-   done scrolling&#10;-   &lt;div class=&quot; css-1pahdxg-control&quot;&gt;…&lt;/div&gt; intercepts pointer events&#10;- retrying click action, attempt #55&#10;-   waiting 500ms&#10;-   waiting for element to be visible, enabled and stable&#10;-   element is visible, enabled and stable&#10;-   scrolling into view if needed&#10;-   done scrolling&#10;-   &lt;div class=&quot; css-1hwfws3&quot;&gt;…&lt;/div&gt; from &lt;div class=&quot; css-1pahdxg-control&quot;&gt;…&lt;/div&gt; subtree intercepts pointer events&#10;- retrying click action, attempt #56&#10;-   waiting 500ms&#10;-   waiting for element to be visible, enabled and stable&#10;-   element is visible, enabled and stable&#10;-   scrolling into view if needed&#10;-   done scrolling&#10;-   &lt;div class=&quot; css-1hwfws3&quot;&gt;…&lt;/div&gt; from &lt;div class=&quot; css-1pahdxg-control&quot;&gt;…&lt;/div&gt; subtree intercepts pointer events&#10;- retrying click action, attempt #57&#10;-   waiting 500ms&#10;-   waiting for element to be visible, enabled and stable&#10;-   element is visible, enabled and stable&#10;-   scrolling into view if needed&#10;-   done scrolling&#10;-   &lt;div&gt;…&lt;/div&gt; from &lt;div id=&quot;fixedban&quot;&gt;…&lt;/div&gt; subtree intercepts pointer events&#10;- retrying click action, attempt #58&#10;-   waiting 500ms&#10;-   waiting for element to be visible, enabled and stable&#10;-   element is visible, enabled and stable&#10;-   scrolling into view if needed&#10;-   done scrolling&#10;-   &lt;div class=&quot; css-1pahdxg-control&quot;&gt;…&lt;/div&gt; intercepts pointer events&#10;- retrying click action, attempt #59&#10;-   waiting 500ms&#10;-   waiting for element to be visible, enabled and stable&#10;" type="com.microsoft.playwright.TimeoutError"><![CDATA[com.microsoft.playwright.TimeoutError: 
Error {
  message='Timeout 30000ms exceeded.
  name='TimeoutError
  stack='TimeoutError: Timeout 30000ms exceeded.
    at ProgressController.run (C:\Users\marius\AppData\Local\Temp\playwright-java-14731930189794878807\package\lib\server\progress.js:78:26)
    at Frame.click (C:\Users\marius\AppData\Local\Temp\playwright-java-14731930189794878807\package\lib\server\frames.js:1007:23)
    at FrameDispatcher.click (C:\Users\marius\AppData\Local\Temp\playwright-java-14731930189794878807\package\lib\server\dispatchers\frameDispatcher.js:157:30)
    at FrameDispatcher._handleCommand (C:\Users\marius\AppData\Local\Temp\playwright-java-14731930189794878807\package\lib\server\dispatchers\dispatcher.js:94:40)
    at DispatcherConnection.dispatch (C:\Users\marius\AppData\Local\Temp\playwright-java-14731930189794878807\package\lib\server\dispatchers\dispatcher.js:361:39)
}
Call log:
- waiting for locator("text=Jaipur")
-   locator resolved to 2 elements. Proceeding with the first one: <p id="aria-context">  option Jaipur focused, 1 of 2. 2 results availa…</p>
- attempting click action
-   waiting for element to be visible, enabled and stable
-   element is visible, enabled and stable
-   scrolling into view if needed
-   done scrolling
-   <div class=" css-1pahdxg-control">…</div> intercepts pointer events
- retrying click action, attempt #1
-   waiting for element to be visible, enabled and stable
-   element is visible, enabled and stable
-   scrolling into view if needed
-   done scrolling
-   <div>…</div> from <div id="fixedban">…</div> subtree intercepts pointer events
- retrying click action, attempt #2
-   waiting 20ms
-   waiting for element to be visible, enabled and stable
-   element is visible, enabled and stable
-   scrolling into view if needed
-   done scrolling
-   <div class=" css-1pahdxg-control">…</div> intercepts pointer events
- retrying click action, attempt #3
-   waiting 100ms
-   waiting for element to be visible, enabled and stable
-   element is visible, enabled and stable
-   scrolling into view if needed
-   done scrolling
-   <div class=" css-1hwfws3">…</div> from <div class=" css-1pahdxg-control">…</div> subtree intercepts pointer events
- retrying click action, attempt #4
-   waiting 100ms
-   waiting for element to be visible, enabled and stable
-   element is visible, enabled and stable
-   scrolling into view if needed
-   done scrolling
-   <div class=" css-1hwfws3">…</div> from <div class=" css-1pahdxg-control">…</div> subtree intercepts pointer events
- retrying click action, attempt #5
-   waiting 500ms
-   waiting for element to be visible, enabled and stable
-   element is visible, enabled and stable
-   scrolling into view if needed
-   done scrolling
-   <div>…</div> from <div id="fixedban">…</div> subtree intercepts pointer events
- retrying click action, attempt #6
-   waiting 500ms
-   waiting for element to be visible, enabled and stable
-   element is visible, enabled and stable
-   scrolling into view if needed
-   done scrolling
-   <div class=" css-1pahdxg-control">…</div> intercepts pointer events
- retrying click action, attempt #7
-   waiting 500ms
-   waiting for element to be visible, enabled and stable
-   element is visible, enabled and stable
-   scrolling into view if needed
-   done scrolling
-   <div class=" css-1hwfws3">…</div> from <div class=" css-1pahdxg-control">…</div> subtree intercepts pointer events
- retrying click action, attempt #8
-   waiting 500ms
-   waiting for element to be visible, enabled and stable
-   element is visible, enabled and stable
-   scrolling into view if needed
-   done scrolling
-   <div class=" css-1hwfws3">…</div> from <div class=" css-1pahdxg-control">…</div> subtree intercepts pointer events
- retrying click action, attempt #9
-   waiting 500ms
-   waiting for element to be visible, enabled and stable
-   element is visible, enabled and stable
-   scrolling into view if needed
-   done scrolling
-   <div>…</div> from <div id="fixedban">…</div> subtree intercepts pointer events
- retrying click action, attempt #10
-   waiting 500ms
-   waiting for element to be visible, enabled and stable
-   element is visible, enabled and stable
-   scrolling into view if needed
-   done scrolling
-   <div class=" css-1pahdxg-control">…</div> intercepts pointer events
- retrying click action, attempt #11
-   waiting 500ms
-   waiting for element to be visible, enabled and stable
-   element is visible, enabled and stable
-   scrolling into view if needed
-   done scrolling
-   <div class=" css-1hwfws3">…</div> from <div class=" css-1pahdxg-control">…</div> subtree intercepts pointer events
- retrying click action, attempt #12
-   waiting 500ms
-   waiting for element to be visible, enabled and stable
-   element is visible, enabled and stable
-   scrolling into view if needed
-   done scrolling
-   <div class=" css-1hwfws3">…</div> from <div class=" css-1pahdxg-control">…</div> subtree intercepts pointer events
- retrying click action, attempt #13
-   waiting 500ms
-   waiting for element to be visible, enabled and stable
-   element is visible, enabled and stable
-   scrolling into view if needed
-   done scrolling
-   <div>…</div> from <div id="fixedban">…</div> subtree intercepts pointer events
- retrying click action, attempt #14
-   waiting 500ms
-   waiting for element to be visible, enabled and stable
-   element is visible, enabled and stable
-   scrolling into view if needed
-   done scrolling
-   <div class=" css-1pahdxg-control">…</div> intercepts pointer events
- retrying click action, attempt #15
-   waiting 500ms
-   waiting for element to be visible, enabled and stable
-   element is visible, enabled and stable
-   scrolling into view if needed
-   done scrolling
-   <div class=" css-1hwfws3">…</div> from <div class=" css-1pahdxg-control">…</div> subtree intercepts pointer events
- retrying click action, attempt #16
-   waiting 500ms
-   waiting for element to be visible, enabled and stable
-   element is visible, enabled and stable
-   scrolling into view if needed
-   done scrolling
-   <div class=" css-1hwfws3">…</div> from <div class=" css-1pahdxg-control">…</div> subtree intercepts pointer events
- retrying click action, attempt #17
-   waiting 500ms
-   waiting for element to be visible, enabled and stable
-   element is visible, enabled and stable
-   scrolling into view if needed
-   done scrolling
-   <div>…</div> from <div id="fixedban">…</div> subtree intercepts pointer events
- retrying click action, attempt #18
-   waiting 500ms
-   waiting for element to be visible, enabled and stable
-   element is visible, enabled and stable
-   scrolling into view if needed
-   done scrolling
-   <div class=" css-1pahdxg-control">…</div> intercepts pointer events
- retrying click action, attempt #19
-   waiting 500ms
-   waiting for element to be visible, enabled and stable
-   element is visible, enabled and stable
-   scrolling into view if needed
-   done scrolling
-   <div class=" css-1hwfws3">…</div> from <div class=" css-1pahdxg-control">…</div> subtree intercepts pointer events
- retrying click action, attempt #20
-   waiting 500ms
-   waiting for element to be visible, enabled and stable
-   element is visible, enabled and stable
-   scrolling into view if needed
-   done scrolling
-   <div class=" css-1hwfws3">…</div> from <div class=" css-1pahdxg-control">…</div> subtree intercepts pointer events
- retrying click action, attempt #21
-   waiting 500ms
-   waiting for element to be visible, enabled and stable
-   element is visible, enabled and stable
-   scrolling into view if needed
-   done scrolling
-   <div>…</div> from <div id="fixedban">…</div> subtree intercepts pointer events
- retrying click action, attempt #22
-   waiting 500ms
-   waiting for element to be visible, enabled and stable
-   element is visible, enabled and stable
-   scrolling into view if needed
-   done scrolling
-   <div class=" css-1pahdxg-control">…</div> intercepts pointer events
- retrying click action, attempt #23
-   waiting 500ms
-   waiting for element to be visible, enabled and stable
-   element is visible, enabled and stable
-   scrolling into view if needed
-   done scrolling
-   <div class=" css-1hwfws3">…</div> from <div class=" css-1pahdxg-control">…</div> subtree intercepts pointer events
- retrying click action, attempt #24
-   waiting 500ms
-   waiting for element to be visible, enabled and stable
-   element is visible, enabled and stable
-   scrolling into view if needed
-   done scrolling
-   <div class=" css-1hwfws3">…</div> from <div class=" css-1pahdxg-control">…</div> subtree intercepts pointer events
- retrying click action, attempt #25
-   waiting 500ms
-   waiting for element to be visible, enabled and stable
-   element is visible, enabled and stable
-   scrolling into view if needed
-   done scrolling
-   <div>…</div> from <div id="fixedban">…</div> subtree intercepts pointer events
- retrying click action, attempt #26
-   waiting 500ms
-   waiting for element to be visible, enabled and stable
-   element is visible, enabled and stable
-   scrolling into view if needed
-   done scrolling
-   <div class=" css-1pahdxg-control">…</div> intercepts pointer events
- retrying click action, attempt #27
-   waiting 500ms
-   waiting for element to be visible, enabled and stable
-   element is visible, enabled and stable
-   scrolling into view if needed
-   done scrolling
-   <div class=" css-1hwfws3">…</div> from <div class=" css-1pahdxg-control">…</div> subtree intercepts pointer events
- retrying click action, attempt #28
-   waiting 500ms
-   waiting for element to be visible, enabled and stable
-   element is visible, enabled and stable
-   scrolling into view if needed
-   done scrolling
-   <div class=" css-1hwfws3">…</div> from <div class=" css-1pahdxg-control">…</div> subtree intercepts pointer events
- retrying click action, attempt #29
-   waiting 500ms
-   waiting for element to be visible, enabled and stable
-   element is visible, enabled and stable
-   scrolling into view if needed
-   done scrolling
-   <div>…</div> from <div id="fixedban">…</div> subtree intercepts pointer events
- retrying click action, attempt #30
-   waiting 500ms
-   waiting for element to be visible, enabled and stable
-   element is visible, enabled and stable
-   scrolling into view if needed
-   done scrolling
-   <div class=" css-1pahdxg-control">…</div> intercepts pointer events
- retrying click action, attempt #31
-   waiting 500ms
-   waiting for element to be visible, enabled and stable
-   element is visible, enabled and stable
-   scrolling into view if needed
-   done scrolling
-   <div class=" css-1hwfws3">…</div> from <div class=" css-1pahdxg-control">…</div> subtree intercepts pointer events
- retrying click action, attempt #32
-   waiting 500ms
-   waiting for element to be visible, enabled and stable
-   element is visible, enabled and stable
-   scrolling into view if needed
-   done scrolling
-   <div class=" css-1hwfws3">…</div> from <div class=" css-1pahdxg-control">…</div> subtree intercepts pointer events
- retrying click action, attempt #33
-   waiting 500ms
-   waiting for element to be visible, enabled and stable
-   element is visible, enabled and stable
-   scrolling into view if needed
-   done scrolling
-   <div>…</div> from <div id="fixedban">…</div> subtree intercepts pointer events
- retrying click action, attempt #34
-   waiting 500ms
-   waiting for element to be visible, enabled and stable
-   element is visible, enabled and stable
-   scrolling into view if needed
-   done scrolling
-   <div class=" css-1pahdxg-control">…</div> intercepts pointer events
- retrying click action, attempt #35
-   waiting 500ms
-   waiting for element to be visible, enabled and stable
-   element is visible, enabled and stable
-   scrolling into view if needed
-   done scrolling
-   <div class=" css-1hwfws3">…</div> from <div class=" css-1pahdxg-control">…</div> subtree intercepts pointer events
- retrying click action, attempt #36
-   waiting 500ms
-   waiting for element to be visible, enabled and stable
-   element is visible, enabled and stable
-   scrolling into view if needed
-   done scrolling
-   <div class=" css-1hwfws3">…</div> from <div class=" css-1pahdxg-control">…</div> subtree intercepts pointer events
- retrying click action, attempt #37
-   waiting 500ms
-   waiting for element to be visible, enabled and stable
-   element is visible, enabled and stable
-   scrolling into view if needed
-   done scrolling
-   <div>…</div> from <div id="fixedban">…</div> subtree intercepts pointer events
- retrying click action, attempt #38
-   waiting 500ms
-   waiting for element to be visible, enabled and stable
-   element is visible, enabled and stable
-   scrolling into view if needed
-   done scrolling
-   <div class=" css-1pahdxg-control">…</div> intercepts pointer events
- retrying click action, attempt #39
-   waiting 500ms
-   waiting for element to be visible, enabled and stable
-   element is visible, enabled and stable
-   scrolling into view if needed
-   done scrolling
-   <div class=" css-1hwfws3">…</div> from <div class=" css-1pahdxg-control">…</div> subtree intercepts pointer events
- retrying click action, attempt #40
-   waiting 500ms
-   waiting for element to be visible, enabled and stable
-   element is visible, enabled and stable
-   scrolling into view if needed
-   done scrolling
-   <div class=" css-1hwfws3">…</div> from <div class=" css-1pahdxg-control">…</div> subtree intercepts pointer events
- retrying click action, attempt #41
-   waiting 500ms
-   waiting for element to be visible, enabled and stable
-   element is visible, enabled and stable
-   scrolling into view if needed
-   done scrolling
-   <div>…</div> from <div id="fixedban">…</div> subtree intercepts pointer events
- retrying click action, attempt #42
-   waiting 500ms
-   waiting for element to be visible, enabled and stable
-   element is visible, enabled and stable
-   scrolling into view if needed
-   done scrolling
-   <div class=" css-1pahdxg-control">…</div> intercepts pointer events
- retrying click action, attempt #43
-   waiting 500ms
-   waiting for element to be visible, enabled and stable
-   element is visible, enabled and stable
-   scrolling into view if needed
-   done scrolling
-   <div class=" css-1hwfws3">…</div> from <div class=" css-1pahdxg-control">…</div> subtree intercepts pointer events
- retrying click action, attempt #44
-   waiting 500ms
-   waiting for element to be visible, enabled and stable
-   element is visible, enabled and stable
-   scrolling into view if needed
-   done scrolling
-   <div class=" css-1hwfws3">…</div> from <div class=" css-1pahdxg-control">…</div> subtree intercepts pointer events
- retrying click action, attempt #45
-   waiting 500ms
-   waiting for element to be visible, enabled and stable
-   element is visible, enabled and stable
-   scrolling into view if needed
-   done scrolling
-   <div>…</div> from <div id="fixedban">…</div> subtree intercepts pointer events
- retrying click action, attempt #46
-   waiting 500ms
-   waiting for element to be visible, enabled and stable
-   element is visible, enabled and stable
-   scrolling into view if needed
-   done scrolling
-   <div class=" css-1pahdxg-control">…</div> intercepts pointer events
- retrying click action, attempt #47
-   waiting 500ms
-   waiting for element to be visible, enabled and stable
-   element is visible, enabled and stable
-   scrolling into view if needed
-   done scrolling
-   <div class=" css-1hwfws3">…</div> from <div class=" css-1pahdxg-control">…</div> subtree intercepts pointer events
- retrying click action, attempt #48
-   waiting 500ms
-   waiting for element to be visible, enabled and stable
-   element is visible, enabled and stable
-   scrolling into view if needed
-   done scrolling
-   <div class=" css-1hwfws3">…</div> from <div class=" css-1pahdxg-control">…</div> subtree intercepts pointer events
- retrying click action, attempt #49
-   waiting 500ms
-   waiting for element to be visible, enabled and stable
-   element is visible, enabled and stable
-   scrolling into view if needed
-   done scrolling
-   <div>…</div> from <div id="fixedban">…</div> subtree intercepts pointer events
- retrying click action, attempt #50
-   waiting 500ms
-   waiting for element to be visible, enabled and stable
-   element is visible, enabled and stable
-   scrolling into view if needed
-   done scrolling
-   <div class=" css-1pahdxg-control">…</div> intercepts pointer events
- retrying click action, attempt #51
-   waiting 500ms
-   waiting for element to be visible, enabled and stable
-   element is visible, enabled and stable
-   scrolling into view if needed
-   done scrolling
-   <div class=" css-1hwfws3">…</div> from <div class=" css-1pahdxg-control">…</div> subtree intercepts pointer events
- retrying click action, attempt #52
-   waiting 500ms
-   waiting for element to be visible, enabled and stable
-   element is visible, enabled and stable
-   scrolling into view if needed
-   done scrolling
-   <div class=" css-1hwfws3">…</div> from <div class=" css-1pahdxg-control">…</div> subtree intercepts pointer events
- retrying click action, attempt #53
-   waiting 500ms
-   waiting for element to be visible, enabled and stable
-   element is visible, enabled and stable
-   scrolling into view if needed
-   done scrolling
-   <div>…</div> from <div id="fixedban">…</div> subtree intercepts pointer events
- retrying click action, attempt #54
-   waiting 500ms
-   waiting for element to be visible, enabled and stable
-   element is visible, enabled and stable
-   scrolling into view if needed
-   done scrolling
-   <div class=" css-1pahdxg-control">…</div> intercepts pointer events
- retrying click action, attempt #55
-   waiting 500ms
-   waiting for element to be visible, enabled and stable
-   element is visible, enabled and stable
-   scrolling into view if needed
-   done scrolling
-   <div class=" css-1hwfws3">…</div> from <div class=" css-1pahdxg-control">…</div> subtree intercepts pointer events
- retrying click action, attempt #56
-   waiting 500ms
-   waiting for element to be visible, enabled and stable
-   element is visible, enabled and stable
-   scrolling into view if needed
-   done scrolling
-   <div class=" css-1hwfws3">…</div> from <div class=" css-1pahdxg-control">…</div> subtree intercepts pointer events
- retrying click action, attempt #57
-   waiting 500ms
-   waiting for element to be visible, enabled and stable
-   element is visible, enabled and stable
-   scrolling into view if needed
-   done scrolling
-   <div>…</div> from <div id="fixedban">…</div> subtree intercepts pointer events
- retrying click action, attempt #58
-   waiting 500ms
-   waiting for element to be visible, enabled and stable
-   element is visible, enabled and stable
-   scrolling into view if needed
-   done scrolling
-   <div class=" css-1pahdxg-control">…</div> intercepts pointer events
- retrying click action, attempt #59
-   waiting 500ms
-   waiting for element to be visible, enabled and stable

	at com.microsoft.playwright.impl.WaitableResult.get(WaitableResult.java:52)
	at com.microsoft.playwright.impl.ChannelOwner.runUntil(ChannelOwner.java:120)
	at com.microsoft.playwright.impl.Connection.sendMessage(Connection.java:130)
	at com.microsoft.playwright.impl.ChannelOwner.sendMessage(ChannelOwner.java:106)
	at com.microsoft.playwright.impl.FrameImpl.clickImpl(FrameImpl.java:252)
	at com.microsoft.playwright.impl.PageImpl.lambda$click$18(PageImpl.java:682)
	at com.microsoft.playwright.impl.LoggingSupport.lambda$withLogging$0(LoggingSupport.java:36)
	at com.microsoft.playwright.impl.LoggingSupport.withLogging(LoggingSupport.java:47)
	at com.microsoft.playwright.impl.ChannelOwner.withLogging(ChannelOwner.java:89)
	at com.microsoft.playwright.impl.LoggingSupport.withLogging(LoggingSupport.java:35)
	at com.microsoft.playwright.impl.PageImpl.click(PageImpl.java:681)
	at com.microsoft.playwright.Page.click(Page.java:3956)
	at org.example.test.PlaywrightFormTest.formTestPlaywright(PlaywrightFormTest.java:60)
	at java.base/jdk.internal.reflect.DirectMethodHandleAccessor.invoke(DirectMethodHandleAccessor.java:103)
	at java.base/java.lang.reflect.Method.invoke(Method.java:580)
	at org.testng.internal.invokers.MethodInvocationHelper.invokeMethod(MethodInvocationHelper.java:141)
	at org.testng.internal.invokers.TestInvoker.invokeMethod(TestInvoker.java:687)
	at org.testng.internal.invokers.TestInvoker.invokeTestMethod(TestInvoker.java:230)
	at org.testng.internal.invokers.MethodRunner.runInSequence(MethodRunner.java:63)
	at org.testng.internal.invokers.TestInvoker$MethodInvocationAgent.invoke(TestInvoker.java:995)
	at org.testng.internal.invokers.TestInvoker.invokeTestMethods(TestInvoker.java:203)
	at org.testng.internal.invokers.TestMethodWorker.invokeTestMethods(TestMethodWorker.java:154)
	at org.testng.internal.invokers.TestMethodWorker.run(TestMethodWorker.java:134)
	at java.base/java.util.ArrayList.forEach(ArrayList.java:1596)
	at org.testng.TestRunner.privateRun(TestRunner.java:741)
	at org.testng.TestRunner.run(TestRunner.java:616)
	at org.testng.SuiteRunner.runTest(SuiteRunner.java:421)
	at org.testng.SuiteRunner.runSequentially(SuiteRunner.java:413)
	at org.testng.SuiteRunner.privateRun(SuiteRunner.java:373)
	at org.testng.SuiteRunner.run(SuiteRunner.java:312)
	at org.testng.SuiteRunnerWorker.runSuite(SuiteRunnerWorker.java:52)
	at org.testng.SuiteRunnerWorker.run(SuiteRunnerWorker.java:95)
	at org.testng.TestNG.runSuitesSequentially(TestNG.java:1274)
	at org.testng.TestNG.runSuitesLocally(TestNG.java:1208)
	at org.testng.TestNG.runSuites(TestNG.java:1112)
	at org.testng.TestNG.run(TestNG.java:1079)
	at org.apache.maven.surefire.testng.TestNGExecutor.run(TestNGExecutor.java:155)
	at org.apache.maven.surefire.testng.TestNGDirectoryTestSuite.executeMulti(TestNGDirectoryTestSuite.java:169)
	at org.apache.maven.surefire.testng.TestNGDirectoryTestSuite.execute(TestNGDirectoryTestSuite.java:88)
	at org.apache.maven.surefire.testng.TestNGProvider.invoke(TestNGProvider.java:137)
	at org.apache.maven.surefire.booter.ForkedBooter.runSuitesInProcess(ForkedBooter.java:385)
	at org.apache.maven.surefire.booter.ForkedBooter.execute(ForkedBooter.java:162)
	at org.apache.maven.surefire.booter.ForkedBooter.run(ForkedBooter.java:507)
	at org.apache.maven.surefire.booter.ForkedBooter.main(ForkedBooter.java:495)
Caused by: com.microsoft.playwright.TimeoutError: Error {
  message='Timeout 30000ms exceeded.
  name='TimeoutError
  stack='TimeoutError: Timeout 30000ms exceeded.
    at ProgressController.run (C:\Users\marius\AppData\Local\Temp\playwright-java-14731930189794878807\package\lib\server\progress.js:78:26)
    at Frame.click (C:\Users\marius\AppData\Local\Temp\playwright-java-14731930189794878807\package\lib\server\frames.js:1007:23)
    at FrameDispatcher.click (C:\Users\marius\AppData\Local\Temp\playwright-java-14731930189794878807\package\lib\server\dispatchers\frameDispatcher.js:157:30)
    at FrameDispatcher._handleCommand (C:\Users\marius\AppData\Local\Temp\playwright-java-14731930189794878807\package\lib\server\dispatchers\dispatcher.js:94:40)
    at DispatcherConnection.dispatch (C:\Users\marius\AppData\Local\Temp\playwright-java-14731930189794878807\package\lib\server\dispatchers\dispatcher.js:361:39)
}
Call log:
- waiting for locator("text=Jaipur")
-   locator resolved to 2 elements. Proceeding with the first one: <p id="aria-context">  option Jaipur focused, 1 of 2. 2 results availa…</p>
- attempting click action
-   waiting for element to be visible, enabled and stable
-   element is visible, enabled and stable
-   scrolling into view if needed
-   done scrolling
-   <div class=" css-1pahdxg-control">…</div> intercepts pointer events
- retrying click action, attempt #1
-   waiting for element to be visible, enabled and stable
-   element is visible, enabled and stable
-   scrolling into view if needed
-   done scrolling
-   <div>…</div> from <div id="fixedban">…</div> subtree intercepts pointer events
- retrying click action, attempt #2
-   waiting 20ms
-   waiting for element to be visible, enabled and stable
-   element is visible, enabled and stable
-   scrolling into view if needed
-   done scrolling
-   <div class=" css-1pahdxg-control">…</div> intercepts pointer events
- retrying click action, attempt #3
-   waiting 100ms
-   waiting for element to be visible, enabled and stable
-   element is visible, enabled and stable
-   scrolling into view if needed
-   done scrolling
-   <div class=" css-1hwfws3">…</div> from <div class=" css-1pahdxg-control">…</div> subtree intercepts pointer events
- retrying click action, attempt #4
-   waiting 100ms
-   waiting for element to be visible, enabled and stable
-   element is visible, enabled and stable
-   scrolling into view if needed
-   done scrolling
-   <div class=" css-1hwfws3">…</div> from <div class=" css-1pahdxg-control">…</div> subtree intercepts pointer events
- retrying click action, attempt #5
-   waiting 500ms
-   waiting for element to be visible, enabled and stable
-   element is visible, enabled and stable
-   scrolling into view if needed
-   done scrolling
-   <div>…</div> from <div id="fixedban">…</div> subtree intercepts pointer events
- retrying click action, attempt #6
-   waiting 500ms
-   waiting for element to be visible, enabled and stable
-   element is visible, enabled and stable
-   scrolling into view if needed
-   done scrolling
-   <div class=" css-1pahdxg-control">…</div> intercepts pointer events
- retrying click action, attempt #7
-   waiting 500ms
-   waiting for element to be visible, enabled and stable
-   element is visible, enabled and stable
-   scrolling into view if needed
-   done scrolling
-   <div class=" css-1hwfws3">…</div> from <div class=" css-1pahdxg-control">…</div> subtree intercepts pointer events
- retrying click action, attempt #8
-   waiting 500ms
-   waiting for element to be visible, enabled and stable
-   element is visible, enabled and stable
-   scrolling into view if needed
-   done scrolling
-   <div class=" css-1hwfws3">…</div> from <div class=" css-1pahdxg-control">…</div> subtree intercepts pointer events
- retrying click action, attempt #9
-   waiting 500ms
-   waiting for element to be visible, enabled and stable
-   element is visible, enabled and stable
-   scrolling into view if needed
-   done scrolling
-   <div>…</div> from <div id="fixedban">…</div> subtree intercepts pointer events
- retrying click action, attempt #10
-   waiting 500ms
-   waiting for element to be visible, enabled and stable
-   element is visible, enabled and stable
-   scrolling into view if needed
-   done scrolling
-   <div class=" css-1pahdxg-control">…</div> intercepts pointer events
- retrying click action, attempt #11
-   waiting 500ms
-   waiting for element to be visible, enabled and stable
-   element is visible, enabled and stable
-   scrolling into view if needed
-   done scrolling
-   <div class=" css-1hwfws3">…</div> from <div class=" css-1pahdxg-control">…</div> subtree intercepts pointer events
- retrying click action, attempt #12
-   waiting 500ms
-   waiting for element to be visible, enabled and stable
-   element is visible, enabled and stable
-   scrolling into view if needed
-   done scrolling
-   <div class=" css-1hwfws3">…</div> from <div class=" css-1pahdxg-control">…</div> subtree intercepts pointer events
- retrying click action, attempt #13
-   waiting 500ms
-   waiting for element to be visible, enabled and stable
-   element is visible, enabled and stable
-   scrolling into view if needed
-   done scrolling
-   <div>…</div> from <div id="fixedban">…</div> subtree intercepts pointer events
- retrying click action, attempt #14
-   waiting 500ms
-   waiting for element to be visible, enabled and stable
-   element is visible, enabled and stable
-   scrolling into view if needed
-   done scrolling
-   <div class=" css-1pahdxg-control">…</div> intercepts pointer events
- retrying click action, attempt #15
-   waiting 500ms
-   waiting for element to be visible, enabled and stable
-   element is visible, enabled and stable
-   scrolling into view if needed
-   done scrolling
-   <div class=" css-1hwfws3">…</div> from <div class=" css-1pahdxg-control">…</div> subtree intercepts pointer events
- retrying click action, attempt #16
-   waiting 500ms
-   waiting for element to be visible, enabled and stable
-   element is visible, enabled and stable
-   scrolling into view if needed
-   done scrolling
-   <div class=" css-1hwfws3">…</div> from <div class=" css-1pahdxg-control">…</div> subtree intercepts pointer events
- retrying click action, attempt #17
-   waiting 500ms
-   waiting for element to be visible, enabled and stable
-   element is visible, enabled and stable
-   scrolling into view if needed
-   done scrolling
-   <div>…</div> from <div id="fixedban">…</div> subtree intercepts pointer events
- retrying click action, attempt #18
-   waiting 500ms
-   waiting for element to be visible, enabled and stable
-   element is visible, enabled and stable
-   scrolling into view if needed
-   done scrolling
-   <div class=" css-1pahdxg-control">…</div> intercepts pointer events
- retrying click action, attempt #19
-   waiting 500ms
-   waiting for element to be visible, enabled and stable
-   element is visible, enabled and stable
-   scrolling into view if needed
-   done scrolling
-   <div class=" css-1hwfws3">…</div> from <div class=" css-1pahdxg-control">…</div> subtree intercepts pointer events
- retrying click action, attempt #20
-   waiting 500ms
-   waiting for element to be visible, enabled and stable
-   element is visible, enabled and stable
-   scrolling into view if needed
-   done scrolling
-   <div class=" css-1hwfws3">…</div> from <div class=" css-1pahdxg-control">…</div> subtree intercepts pointer events
- retrying click action, attempt #21
-   waiting 500ms
-   waiting for element to be visible, enabled and stable
-   element is visible, enabled and stable
-   scrolling into view if needed
-   done scrolling
-   <div>…</div> from <div id="fixedban">…</div> subtree intercepts pointer events
- retrying click action, attempt #22
-   waiting 500ms
-   waiting for element to be visible, enabled and stable
-   element is visible, enabled and stable
-   scrolling into view if needed
-   done scrolling
-   <div class=" css-1pahdxg-control">…</div> intercepts pointer events
- retrying click action, attempt #23
-   waiting 500ms
-   waiting for element to be visible, enabled and stable
-   element is visible, enabled and stable
-   scrolling into view if needed
-   done scrolling
-   <div class=" css-1hwfws3">…</div> from <div class=" css-1pahdxg-control">…</div> subtree intercepts pointer events
- retrying click action, attempt #24
-   waiting 500ms
-   waiting for element to be visible, enabled and stable
-   element is visible, enabled and stable
-   scrolling into view if needed
-   done scrolling
-   <div class=" css-1hwfws3">…</div> from <div class=" css-1pahdxg-control">…</div> subtree intercepts pointer events
- retrying click action, attempt #25
-   waiting 500ms
-   waiting for element to be visible, enabled and stable
-   element is visible, enabled and stable
-   scrolling into view if needed
-   done scrolling
-   <div>…</div> from <div id="fixedban">…</div> subtree intercepts pointer events
- retrying click action, attempt #26
-   waiting 500ms
-   waiting for element to be visible, enabled and stable
-   element is visible, enabled and stable
-   scrolling into view if needed
-   done scrolling
-   <div class=" css-1pahdxg-control">…</div> intercepts pointer events
- retrying click action, attempt #27
-   waiting 500ms
-   waiting for element to be visible, enabled and stable
-   element is visible, enabled and stable
-   scrolling into view if needed
-   done scrolling
-   <div class=" css-1hwfws3">…</div> from <div class=" css-1pahdxg-control">…</div> subtree intercepts pointer events
- retrying click action, attempt #28
-   waiting 500ms
-   waiting for element to be visible, enabled and stable
-   element is visible, enabled and stable
-   scrolling into view if needed
-   done scrolling
-   <div class=" css-1hwfws3">…</div> from <div class=" css-1pahdxg-control">…</div> subtree intercepts pointer events
- retrying click action, attempt #29
-   waiting 500ms
-   waiting for element to be visible, enabled and stable
-   element is visible, enabled and stable
-   scrolling into view if needed
-   done scrolling
-   <div>…</div> from <div id="fixedban">…</div> subtree intercepts pointer events
- retrying click action, attempt #30
-   waiting 500ms
-   waiting for element to be visible, enabled and stable
-   element is visible, enabled and stable
-   scrolling into view if needed
-   done scrolling
-   <div class=" css-1pahdxg-control">…</div> intercepts pointer events
- retrying click action, attempt #31
-   waiting 500ms
-   waiting for element to be visible, enabled and stable
-   element is visible, enabled and stable
-   scrolling into view if needed
-   done scrolling
-   <div class=" css-1hwfws3">…</div> from <div class=" css-1pahdxg-control">…</div> subtree intercepts pointer events
- retrying click action, attempt #32
-   waiting 500ms
-   waiting for element to be visible, enabled and stable
-   element is visible, enabled and stable
-   scrolling into view if needed
-   done scrolling
-   <div class=" css-1hwfws3">…</div> from <div class=" css-1pahdxg-control">…</div> subtree intercepts pointer events
- retrying click action, attempt #33
-   waiting 500ms
-   waiting for element to be visible, enabled and stable
-   element is visible, enabled and stable
-   scrolling into view if needed
-   done scrolling
-   <div>…</div> from <div id="fixedban">…</div> subtree intercepts pointer events
- retrying click action, attempt #34
-   waiting 500ms
-   waiting for element to be visible, enabled and stable
-   element is visible, enabled and stable
-   scrolling into view if needed
-   done scrolling
-   <div class=" css-1pahdxg-control">…</div> intercepts pointer events
- retrying click action, attempt #35
-   waiting 500ms
-   waiting for element to be visible, enabled and stable
-   element is visible, enabled and stable
-   scrolling into view if needed
-   done scrolling
-   <div class=" css-1hwfws3">…</div> from <div class=" css-1pahdxg-control">…</div> subtree intercepts pointer events
- retrying click action, attempt #36
-   waiting 500ms
-   waiting for element to be visible, enabled and stable
-   element is visible, enabled and stable
-   scrolling into view if needed
-   done scrolling
-   <div class=" css-1hwfws3">…</div> from <div class=" css-1pahdxg-control">…</div> subtree intercepts pointer events
- retrying click action, attempt #37
-   waiting 500ms
-   waiting for element to be visible, enabled and stable
-   element is visible, enabled and stable
-   scrolling into view if needed
-   done scrolling
-   <div>…</div> from <div id="fixedban">…</div> subtree intercepts pointer events
- retrying click action, attempt #38
-   waiting 500ms
-   waiting for element to be visible, enabled and stable
-   element is visible, enabled and stable
-   scrolling into view if needed
-   done scrolling
-   <div class=" css-1pahdxg-control">…</div> intercepts pointer events
- retrying click action, attempt #39
-   waiting 500ms
-   waiting for element to be visible, enabled and stable
-   element is visible, enabled and stable
-   scrolling into view if needed
-   done scrolling
-   <div class=" css-1hwfws3">…</div> from <div class=" css-1pahdxg-control">…</div> subtree intercepts pointer events
- retrying click action, attempt #40
-   waiting 500ms
-   waiting for element to be visible, enabled and stable
-   element is visible, enabled and stable
-   scrolling into view if needed
-   done scrolling
-   <div class=" css-1hwfws3">…</div> from <div class=" css-1pahdxg-control">…</div> subtree intercepts pointer events
- retrying click action, attempt #41
-   waiting 500ms
-   waiting for element to be visible, enabled and stable
-   element is visible, enabled and stable
-   scrolling into view if needed
-   done scrolling
-   <div>…</div> from <div id="fixedban">…</div> subtree intercepts pointer events
- retrying click action, attempt #42
-   waiting 500ms
-   waiting for element to be visible, enabled and stable
-   element is visible, enabled and stable
-   scrolling into view if needed
-   done scrolling
-   <div class=" css-1pahdxg-control">…</div> intercepts pointer events
- retrying click action, attempt #43
-   waiting 500ms
-   waiting for element to be visible, enabled and stable
-   element is visible, enabled and stable
-   scrolling into view if needed
-   done scrolling
-   <div class=" css-1hwfws3">…</div> from <div class=" css-1pahdxg-control">…</div> subtree intercepts pointer events
- retrying click action, attempt #44
-   waiting 500ms
-   waiting for element to be visible, enabled and stable
-   element is visible, enabled and stable
-   scrolling into view if needed
-   done scrolling
-   <div class=" css-1hwfws3">…</div> from <div class=" css-1pahdxg-control">…</div> subtree intercepts pointer events
- retrying click action, attempt #45
-   waiting 500ms
-   waiting for element to be visible, enabled and stable
-   element is visible, enabled and stable
-   scrolling into view if needed
-   done scrolling
-   <div>…</div> from <div id="fixedban">…</div> subtree intercepts pointer events
- retrying click action, attempt #46
-   waiting 500ms
-   waiting for element to be visible, enabled and stable
-   element is visible, enabled and stable
-   scrolling into view if needed
-   done scrolling
-   <div class=" css-1pahdxg-control">…</div> intercepts pointer events
- retrying click action, attempt #47
-   waiting 500ms
-   waiting for element to be visible, enabled and stable
-   element is visible, enabled and stable
-   scrolling into view if needed
-   done scrolling
-   <div class=" css-1hwfws3">…</div> from <div class=" css-1pahdxg-control">…</div> subtree intercepts pointer events
- retrying click action, attempt #48
-   waiting 500ms
-   waiting for element to be visible, enabled and stable
-   element is visible, enabled and stable
-   scrolling into view if needed
-   done scrolling
-   <div class=" css-1hwfws3">…</div> from <div class=" css-1pahdxg-control">…</div> subtree intercepts pointer events
- retrying click action, attempt #49
-   waiting 500ms
-   waiting for element to be visible, enabled and stable
-   element is visible, enabled and stable
-   scrolling into view if needed
-   done scrolling
-   <div>…</div> from <div id="fixedban">…</div> subtree intercepts pointer events
- retrying click action, attempt #50
-   waiting 500ms
-   waiting for element to be visible, enabled and stable
-   element is visible, enabled and stable
-   scrolling into view if needed
-   done scrolling
-   <div class=" css-1pahdxg-control">…</div> intercepts pointer events
- retrying click action, attempt #51
-   waiting 500ms
-   waiting for element to be visible, enabled and stable
-   element is visible, enabled and stable
-   scrolling into view if needed
-   done scrolling
-   <div class=" css-1hwfws3">…</div> from <div class=" css-1pahdxg-control">…</div> subtree intercepts pointer events
- retrying click action, attempt #52
-   waiting 500ms
-   waiting for element to be visible, enabled and stable
-   element is visible, enabled and stable
-   scrolling into view if needed
-   done scrolling
-   <div class=" css-1hwfws3">…</div> from <div class=" css-1pahdxg-control">…</div> subtree intercepts pointer events
- retrying click action, attempt #53
-   waiting 500ms
-   waiting for element to be visible, enabled and stable
-   element is visible, enabled and stable
-   scrolling into view if needed
-   done scrolling
-   <div>…</div> from <div id="fixedban">…</div> subtree intercepts pointer events
- retrying click action, attempt #54
-   waiting 500ms
-   waiting for element to be visible, enabled and stable
-   element is visible, enabled and stable
-   scrolling into view if needed
-   done scrolling
-   <div class=" css-1pahdxg-control">…</div> intercepts pointer events
- retrying click action, attempt #55
-   waiting 500ms
-   waiting for element to be visible, enabled and stable
-   element is visible, enabled and stable
-   scrolling into view if needed
-   done scrolling
-   <div class=" css-1hwfws3">…</div> from <div class=" css-1pahdxg-control">…</div> subtree intercepts pointer events
- retrying click action, attempt #56
-   waiting 500ms
-   waiting for element to be visible, enabled and stable
-   element is visible, enabled and stable
-   scrolling into view if needed
-   done scrolling
-   <div class=" css-1hwfws3">…</div> from <div class=" css-1pahdxg-control">…</div> subtree intercepts pointer events
- retrying click action, attempt #57
-   waiting 500ms
-   waiting for element to be visible, enabled and stable
-   element is visible, enabled and stable
-   scrolling into view if needed
-   done scrolling
-   <div>…</div> from <div id="fixedban">…</div> subtree intercepts pointer events
- retrying click action, attempt #58
-   waiting 500ms
-   waiting for element to be visible, enabled and stable
-   element is visible, enabled and stable
-   scrolling into view if needed
-   done scrolling
-   <div class=" css-1pahdxg-control">…</div> intercepts pointer events
- retrying click action, attempt #59
-   waiting 500ms
-   waiting for element to be visible, enabled and stable

	at com.microsoft.playwright.impl.Connection.dispatch(Connection.java:254)
	at com.microsoft.playwright.impl.Connection.processOneMessage(Connection.java:211)
	at com.microsoft.playwright.impl.ChannelOwner.runUntil(ChannelOwner.java:118)
	... 42 more
]]></failure>
  </testcase>
</testsuite>