<?xml version="1.0" encoding="UTF-8"?>
<testng-results ignored="0" total="1" passed="1" failed="0" skipped="0">
  <reporter-output>
  </reporter-output>
  <suite started-at="2025-11-13T13:35:16 EET" name="Surefire suite" finished-at="2025-11-13T13:35:30 EET" duration-ms="14678">
    <groups>
    </groups>
    <test started-at="2025-11-13T13:35:16 EET" name="Surefire test" finished-at="2025-11-13T13:35:30 EET" duration-ms="14678">
      <class name="org.example.test.FormTest">
        <test-method is-config="true" signature="beferoTest()[pri:0, instance:org.example.test.FormTest@3daa422a]" started-at="2025-11-13T13:35:16 EET" name="beferoTest" finished-at="2025-11-13T13:35:18 EET" duration-ms="2203" status="PASS">
          <reporter-output>
          </reporter-output>
        </test-method> <!-- beferoTest -->
        <test-method signature="formTest()[pri:0, instance:org.example.test.FormTest@3daa422a]" started-at="2025-11-13T13:35:18 EET" name="formTest" finished-at="2025-11-13T13:35:30 EET" duration-ms="12064" status="PASS">
          <reporter-output>
          </reporter-output>
        </test-method> <!-- formTest -->
        <test-method is-config="true" signature="afterTest()[pri:0, instance:org.example.test.FormTest@3daa422a]" started-at="2025-11-13T13:35:30 EET" name="afterTest" finished-at="2025-11-13T13:35:30 EET" duration-ms="363" status="PASS">
          <reporter-output>
          </reporter-output>
        </test-method> <!-- afterTest -->
      </class> <!-- org.example.test.FormTest -->
    </test> <!-- Surefire test -->
  </suite> <!-- Surefire suite -->
</testng-results>
